This is pdfTeX, Version 3.14159265-2.6-1.40.15 (TeX Live 2014/W32TeX) (preloaded format=pdflatex 2015.3.12)  19 JAN 2016 12:00
entering extended mode
 restricted \write18 enabled.
 %&-line parsing enabled.
**Thesis.tex
(./Thesis.tex
LaTeX2e <2014/05/01>
Babel <3.9k> and hyphenation patterns for 78 languages loaded.
(./Thesis.cls
Document Class: Thesis 2007/22/02 v1.0 LaTeX document class
(c:/texlive/2014/texmf-dist/tex/latex/base/book.cls
Document Class: book 2007/10/19 v1.4h Standard LaTeX document class
(c:/texlive/2014/texmf-dist/tex/latex/base/bk11.clo
File: bk11.clo 2007/10/19 v1.4h Standard LaTeX file (size option)
)
\c@part=\count79
\c@chapter=\count80
\c@section=\count81
\c@subsection=\count82
\c@subsubsection=\count83
\c@paragraph=\count84
\c@subparagraph=\count85
\c@figure=\count86
\c@table=\count87
\abovecaptionskip=\skip41
\belowcaptionskip=\skip42
\bibindent=\dimen102
)
(c:/texlive/2014/texmf-dist/tex/latex/setspace/setspace.sty
Package: setspace 2011/12/19 v6.7a set line spacing
)
(c:/texlive/2014/texmf-dist/tex/latex/vmargin/vmargin.sty
Package: vmargin 2004/07/15 V2.5 set document margins (VK)

Package: vmargin 2004/07/15 V2.5 set document margins (VK)
\PaperWidth=\dimen103
\PaperHeight=\dimen104
) (c:/texlive/2014/texmf-dist/tex/latex/fancyhdr/fancyhdr.sty
\fancy@headwidth=\skip43
\f@ncyO@elh=\skip44
\f@ncyO@erh=\skip45
\f@ncyO@olh=\skip46
\f@ncyO@orh=\skip47
\f@ncyO@elf=\skip48
\f@ncyO@erf=\skip49
\f@ncyO@olf=\skip50
\f@ncyO@orf=\skip51
)
(c:/texlive/2014/texmf-dist/tex/latex/amsmath/amsmath.sty
Package: amsmath 2013/01/14 v2.14 AMS math features
\@mathmargin=\skip52

For additional information on amsmath, use the `?' option.
(c:/texlive/2014/texmf-dist/tex/latex/amsmath/amstext.sty
Package: amstext 2000/06/29 v2.01

(c:/texlive/2014/texmf-dist/tex/latex/amsmath/amsgen.sty
File: amsgen.sty 1999/11/30 v2.0
\@emptytoks=\toks14
\ex@=\dimen105
))
(c:/texlive/2014/texmf-dist/tex/latex/amsmath/amsbsy.sty
Package: amsbsy 1999/11/29 v1.2d
\pmbraise@=\dimen106
)
(c:/texlive/2014/texmf-dist/tex/latex/amsmath/amsopn.sty
Package: amsopn 1999/12/14 v2.01 operator names
)
\inf@bad=\count88
LaTeX Info: Redefining \frac on input line 210.
\uproot@=\count89
\leftroot@=\count90
LaTeX Info: Redefining \overline on input line 306.
\classnum@=\count91
\DOTSCASE@=\count92
LaTeX Info: Redefining \ldots on input line 378.
LaTeX Info: Redefining \dots on input line 381.
LaTeX Info: Redefining \cdots on input line 466.
\Mathstrutbox@=\box26
\strutbox@=\box27
\big@size=\dimen107
LaTeX Font Info:    Redeclaring font encoding OML on input line 566.
LaTeX Font Info:    Redeclaring font encoding OMS on input line 567.
\macc@depth=\count93
\c@MaxMatrixCols=\count94
\dotsspace@=\muskip10
\c@parentequation=\count95
\dspbrk@lvl=\count96
\tag@help=\toks15
\row@=\count97
\column@=\count98
\maxfields@=\count99
\andhelp@=\toks16
\eqnshift@=\dimen108
\alignsep@=\dimen109
\tagshift@=\dimen110
\tagwidth@=\dimen111
\totwidth@=\dimen112
\lineht@=\dimen113
\@envbody=\toks17
\multlinegap=\skip53
\multlinetaggap=\skip54
\mathdisplay@stack=\toks18
LaTeX Info: Redefining \[ on input line 2665.
LaTeX Info: Redefining \] on input line 2666.
)
(c:/texlive/2014/texmf-dist/tex/latex/amsfonts/amsfonts.sty
Package: amsfonts 2013/01/14 v3.01 Basic AMSFonts support
\symAMSa=\mathgroup4
\symAMSb=\mathgroup5
LaTeX Font Info:    Overwriting math alphabet `\mathfrak' in version `bold'
(Font)                  U/euf/m/n --> U/euf/b/n on input line 106.
)
(c:/texlive/2014/texmf-dist/tex/latex/amsfonts/amssymb.sty
Package: amssymb 2013/01/14 v3.01 AMS font symbols
)
(c:/texlive/2014/texmf-dist/tex/latex/amsmath/amscd.sty
Package: amscd 1999/11/29 v2.0
\athelp@=\toks19
\minaw@=\dimen114
\bigaw@=\dimen115
\minCDarrowwidth=\dimen116
)
(c:/texlive/2014/texmf-dist/tex/latex/amscls/amsthm.sty
Package: amsthm 2004/08/06 v2.20
\thm@style=\toks20
\thm@bodyfont=\toks21
\thm@headfont=\toks22
\thm@notefont=\toks23
\thm@headpunct=\toks24
\thm@preskip=\skip55
\thm@postskip=\skip56
\thm@headsep=\skip57
\dth@everypar=\toks25
)
(c:/texlive/2014/texmf-dist/tex/latex/tools/xspace.sty
Package: xspace 2009/10/20 v1.13 Space after command names (DPC,MH)
)
\c@example=\count100
\c@theorem=\count101

(c:/texlive/2014/texmf-dist/tex/latex/caption/caption.sty
Package: caption 2013/05/02 v3.3-89 Customizing captions (AR)

(c:/texlive/2014/texmf-dist/tex/latex/caption/caption3.sty
Package: caption3 2013/05/02 v1.6-88 caption3 kernel (AR)
Package caption3 Info: TeX engine: e-TeX on input line 57.

(c:/texlive/2014/texmf-dist/tex/latex/graphics/keyval.sty
Package: keyval 2014/05/08 v1.15 key=value parser (DPC)
\KV@toks@=\toks26
)
\captionmargin=\dimen117
\captionmargin@=\dimen118
\captionwidth=\dimen119
\caption@tempdima=\dimen120
\caption@indent=\dimen121
\caption@parindent=\dimen122
\caption@hangindent=\dimen123
)
\c@ContinuedFloat=\count102
)
(c:/texlive/2014/texmf-dist/tex/latex/graphics/graphicx.sty
Package: graphicx 2014/04/25 v1.0g Enhanced LaTeX Graphics (DPC,SPQR)

(c:/texlive/2014/texmf-dist/tex/latex/graphics/graphics.sty
Package: graphics 2009/02/05 v1.0o Standard LaTeX Graphics (DPC,SPQR)

(c:/texlive/2014/texmf-dist/tex/latex/graphics/trig.sty
Package: trig 1999/03/16 v1.09 sin cos tan (DPC)
)
(c:/texlive/2014/texmf-dist/tex/latex/latexconfig/graphics.cfg
File: graphics.cfg 2010/04/23 v1.9 graphics configuration of TeX Live
)
Package graphics Info: Driver file: pdftex.def on input line 91.

(c:/texlive/2014/texmf-dist/tex/latex/pdftex-def/pdftex.def
File: pdftex.def 2011/05/27 v0.06d Graphics/color for pdfTeX

(c:/texlive/2014/texmf-dist/tex/generic/oberdiek/infwarerr.sty
Package: infwarerr 2010/04/08 v1.3 Providing info/warning/error messages (HO)
)
(c:/texlive/2014/texmf-dist/tex/generic/oberdiek/ltxcmds.sty
Package: ltxcmds 2011/11/09 v1.22 LaTeX kernel commands for general use (HO)
)
\Gread@gobject=\count103
))
\Gin@req@height=\dimen124
\Gin@req@width=\dimen125
)
(c:/texlive/2014/texmf-dist/tex/latex/oberdiek/epstopdf.sty
Package: epstopdf 2010/02/09 v2.5 Conversion with epstopdf on the fly (HO)

(c:/texlive/2014/texmf-dist/tex/latex/oberdiek/epstopdf-base.sty
Package: epstopdf-base 2010/02/09 v2.5 Base part for package epstopdf

(c:/texlive/2014/texmf-dist/tex/latex/oberdiek/grfext.sty
Package: grfext 2010/08/19 v1.1 Manage graphics extensions (HO)

(c:/texlive/2014/texmf-dist/tex/generic/oberdiek/kvdefinekeys.sty
Package: kvdefinekeys 2011/04/07 v1.3 Define keys (HO)
))
(c:/texlive/2014/texmf-dist/tex/latex/oberdiek/kvoptions.sty
Package: kvoptions 2011/06/30 v3.11 Key value format for package options (HO)

(c:/texlive/2014/texmf-dist/tex/generic/oberdiek/kvsetkeys.sty
Package: kvsetkeys 2012/04/25 v1.16 Key value parser (HO)

(c:/texlive/2014/texmf-dist/tex/generic/oberdiek/etexcmds.sty
Package: etexcmds 2011/02/16 v1.5 Avoid name clashes with e-TeX commands (HO)

(c:/texlive/2014/texmf-dist/tex/generic/oberdiek/ifluatex.sty
Package: ifluatex 2010/03/01 v1.3 Provides the ifluatex switch (HO)
Package ifluatex Info: LuaTeX not detected.
)
Package etexcmds Info: Could not find \expanded.
(etexcmds)             That can mean that you are not using pdfTeX 1.50 or
(etexcmds)             that some package has redefined \expanded.
(etexcmds)             In the latter case, load this package earlier.
)))
(c:/texlive/2014/texmf-dist/tex/generic/oberdiek/pdftexcmds.sty
Package: pdftexcmds 2011/11/29 v0.20 Utility functions of pdfTeX for LuaTeX (HO
)

(c:/texlive/2014/texmf-dist/tex/generic/oberdiek/ifpdf.sty
Package: ifpdf 2011/01/30 v2.3 Provides the ifpdf switch (HO)
Package ifpdf Info: pdfTeX in PDF mode is detected.
)
Package pdftexcmds Info: LuaTeX not detected.
Package pdftexcmds Info: \pdf@primitive is available.
Package pdftexcmds Info: \pdf@ifprimitive is available.
Package pdftexcmds Info: \pdfdraftmode found.
)
Package grfext Info: Graphics extension search list:
(grfext)             [.png,.pdf,.jpg,.mps,.jpeg,.jbig2,.jb2,.PNG,.PDF,.JPG,.JPE
G,.JBIG2,.JB2,.eps]
(grfext)             \AppendGraphicsExtensions on input line 452.

(c:/texlive/2014/texmf-dist/tex/latex/latexconfig/epstopdf-sys.cfg
File: epstopdf-sys.cfg 2010/07/13 v1.3 Configuration of (r)epstopdf for TeX Liv
e
)))
(c:/texlive/2014/texmf-dist/tex/latex/subfigure/subfigure.sty
Package: subfigure 2002/03/15 v2.1.5 subfigure package
\subfigtopskip=\skip58
\subfigcapskip=\skip59
\subfigcaptopadj=\dimen126
\subfigbottomskip=\skip60
\subfigcapmargin=\dimen127
\subfiglabelskip=\skip61
\c@subfigure=\count104
\c@lofdepth=\count105
\c@subtable=\count106
\c@lotdepth=\count107

****************************************
* Local config file subfigure.cfg used *
****************************************
(c:/texlive/2014/texmf-dist/tex/latex/subfigure/subfigure.cfg)
\subfig@top=\skip62
\subfig@bottom=\skip63
)
(c:/texlive/2014/texmf-dist/tex/latex/booktabs/booktabs.sty
Package: booktabs 2005/04/14 v1.61803 publication quality tables
\heavyrulewidth=\dimen128
\lightrulewidth=\dimen129
\cmidrulewidth=\dimen130
\belowrulesep=\dimen131
\belowbottomsep=\dimen132
\aboverulesep=\dimen133
\abovetopsep=\dimen134
\cmidrulesep=\dimen135
\cmidrulekern=\dimen136
\defaultaddspace=\dimen137
\@cmidla=\count108
\@cmidlb=\count109
\@aboverulesep=\dimen138
\@belowrulesep=\dimen139
\@thisruleclass=\count110
\@lastruleclass=\count111
\@thisrulewidth=\dimen140
)
(c:/texlive/2014/texmf-dist/tex/latex/rotating/rotating.sty
Package: rotating 2009/03/28 v2.16a rotated objects in LaTeX

(c:/texlive/2014/texmf-dist/tex/latex/base/ifthen.sty
Package: ifthen 2001/05/26 v1.1c Standard LaTeX ifthen package (DPC)
)
\c@r@tfl@t=\count112
\rotFPtop=\skip64
\rotFPbot=\skip65
\rot@float@box=\box28
\rot@mess@toks=\toks27
)
(c:/texlive/2014/texmf-dist/tex/latex/listings/listings.sty
\lst@mode=\count113
\lst@gtempboxa=\box29
\lst@token=\toks28
\lst@length=\count114
\lst@currlwidth=\dimen141
\lst@column=\count115
\lst@pos=\count116
\lst@lostspace=\dimen142
\lst@width=\dimen143
\lst@newlines=\count117
\lst@lineno=\count118
\lst@maxwidth=\dimen144
 (./lstpatch.sty

***
*** This is a patch for listings 1.3, but you're using
*** version 1.5c.
***
*** Patch file not loaded.
***

) (c:/texlive/2014/texmf-dist/tex/latex/listings/lstmisc.sty
File: lstmisc.sty 2014/03/04 1.5c (Carsten Heinz)
\c@lstnumber=\count119
\lst@skipnumbers=\count120
\lst@framebox=\box30
)
(c:/texlive/2014/texmf-dist/tex/latex/listings/listings.cfg
File: listings.cfg 2014/03/04 1.5c listings configuration
))
Package: listings 2014/03/04 1.5c (Carsten Heinz)
 (./lstpatch.sty

***
*** This is a patch for listings 1.3, but you're using
*** version 1.5c.
***
 *** Patch file not loaded.
***

) (c:/texlive/2014/texmf-dist/tex/latex/hyperref/hyperref.sty
Package: hyperref 2012/11/06 v6.83m Hypertext links for LaTeX

(c:/texlive/2014/texmf-dist/tex/generic/oberdiek/hobsub-hyperref.sty
Package: hobsub-hyperref 2012/05/28 v1.13 Bundle oberdiek, subset hyperref (HO)


(c:/texlive/2014/texmf-dist/tex/generic/oberdiek/hobsub-generic.sty
Package: hobsub-generic 2012/05/28 v1.13 Bundle oberdiek, subset generic (HO)
Package: hobsub 2012/05/28 v1.13 Construct package bundles (HO)
Package hobsub Info: Skipping package `infwarerr' (already loaded).
Package hobsub Info: Skipping package `ltxcmds' (already loaded).
Package hobsub Info: Skipping package `ifluatex' (already loaded).
Package: ifvtex 2010/03/01 v1.5 Detect VTeX and its facilities (HO)
Package ifvtex Info: VTeX not detected.
Package: intcalc 2007/09/27 v1.1 Expandable calculations with integers (HO)
Package hobsub Info: Skipping package `ifpdf' (already loaded).
Package hobsub Info: Skipping package `etexcmds' (already loaded).
Package hobsub Info: Skipping package `kvsetkeys' (already loaded).
Package hobsub Info: Skipping package `kvdefinekeys' (already loaded).
Package hobsub Info: Skipping package `pdftexcmds' (already loaded).
Package: pdfescape 2011/11/25 v1.13 Implements pdfTeX's escape features (HO)
Package: bigintcalc 2012/04/08 v1.3 Expandable calculations on big integers (HO
)
Package: bitset 2011/01/30 v1.1 Handle bit-vector datatype (HO)
Package: uniquecounter 2011/01/30 v1.2 Provide unlimited unique counter (HO)
)
Package hobsub Info: Skipping package `hobsub' (already loaded).
Package: letltxmacro 2010/09/02 v1.4 Let assignment for LaTeX macros (HO)
Package: hopatch 2012/05/28 v1.2 Wrapper for package hooks (HO)
Package: xcolor-patch 2011/01/30 xcolor patch
Package: atveryend 2011/06/30 v1.8 Hooks at the very end of document (HO)
Package atveryend Info: \enddocument detected (standard20110627).
Package: atbegshi 2011/10/05 v1.16 At begin shipout hook (HO)
Package: refcount 2011/10/16 v3.4 Data extraction from label references (HO)
Package: hycolor 2011/01/30 v1.7 Color options for hyperref/bookmark (HO)
)
(c:/texlive/2014/texmf-dist/tex/generic/ifxetex/ifxetex.sty
Package: ifxetex 2010/09/12 v0.6 Provides ifxetex conditional
)
(c:/texlive/2014/texmf-dist/tex/latex/oberdiek/auxhook.sty
Package: auxhook 2011/03/04 v1.3 Hooks for auxiliary files (HO)
)
\@linkdim=\dimen145
\Hy@linkcounter=\count121
\Hy@pagecounter=\count122

(c:/texlive/2014/texmf-dist/tex/latex/hyperref/pd1enc.def
File: pd1enc.def 2012/11/06 v6.83m Hyperref: PDFDocEncoding definition (HO)
)
\Hy@SavedSpaceFactor=\count123

(c:/texlive/2014/texmf-dist/tex/latex/latexconfig/hyperref.cfg
File: hyperref.cfg 2002/06/06 v1.2 hyperref configuration of TeXLive
)
Package hyperref Info: Option `bookmarks' set `true' on input line 4319.
Package hyperref Info: Option `bookmarksopen' set `true' on input line 4319.
Package hyperref Info: Option `bookmarksnumbered' set `true' on input line 4319
.
Package hyperref Info: Option `hypertexnames' set `false' on input line 4319.
Package hyperref Info: Option `colorlinks' set `true' on input line 4319.
Package hyperref Info: Option `unicode' set `true' on input line 4319.

(c:/texlive/2014/texmf-dist/tex/latex/hyperref/puenc.def
File: puenc.def 2012/11/06 v6.83m Hyperref: PDF Unicode definition (HO)
)
Package hyperref Info: Option `breaklinks' set `true' on input line 4319.
Package hyperref Info: Hyper figures OFF on input line 4443.
Package hyperref Info: Link nesting OFF on input line 4448.
Package hyperref Info: Hyper index ON on input line 4451.
Package hyperref Info: Plain pages OFF on input line 4458.
Package hyperref Info: Backreferencing OFF on input line 4463.
Package hyperref Info: Implicit mode ON; LaTeX internals redefined.
Package hyperref Info: Bookmarks ON on input line 4688.
\c@Hy@tempcnt=\count124

(c:/texlive/2014/texmf-dist/tex/latex/url/url.sty
\Urlmuskip=\muskip11
Package: url 2013/09/16  ver 3.4  Verb mode for urls, etc.
)
LaTeX Info: Redefining \url on input line 5041.
\XeTeXLinkMargin=\dimen146
\Fld@menulength=\count125
\Field@Width=\dimen147
\Fld@charsize=\dimen148
Package hyperref Info: Hyper figures OFF on input line 6295.
Package hyperref Info: Link nesting OFF on input line 6300.
Package hyperref Info: Hyper index ON on input line 6303.
Package hyperref Info: backreferencing OFF on input line 6310.
Package hyperref Info: Link coloring ON on input line 6313.
Package hyperref Info: Link coloring with OCG OFF on input line 6320.
Package hyperref Info: PDF/A mode OFF on input line 6325.
LaTeX Info: Redefining \ref on input line 6365.
LaTeX Info: Redefining \pageref on input line 6369.
\Hy@abspage=\count126
\c@Item=\count127
\c@Hfootnote=\count128
)

Package hyperref Message: Driver (autodetected): hpdftex.

(c:/texlive/2014/texmf-dist/tex/latex/hyperref/hpdftex.def
File: hpdftex.def 2012/11/06 v6.83m Hyperref driver for pdfTeX
\Fld@listcount=\count129
\c@bookmark@seq@number=\count130

(c:/texlive/2014/texmf-dist/tex/latex/oberdiek/rerunfilecheck.sty
Package: rerunfilecheck 2011/04/15 v1.7 Rerun checks for auxiliary files (HO)
Package uniquecounter Info: New unique counter `rerunfilecheck' on input line 2
82.
)
\Hy@SectionHShift=\skip66
)
\c@dummy=\count131

(c:/texlive/2014/texmf-dist/tex/latex/tools/longtable.sty
Package: longtable 2004/02/01 v4.11 Multi-page Table package (DPC)
\LTleft=\skip67
\LTright=\skip68
\LTpre=\skip69
\LTpost=\skip70
\LTchunksize=\count132
\LTcapwidth=\dimen149
\LT@head=\box31
\LT@firsthead=\box32
\LT@foot=\box33
\LT@lastfoot=\box34
\LT@cols=\count133
\LT@rows=\count134
\c@LT@tables=\count135
\c@LT@chunks=\count136
\LT@p@ftn=\toks29
))
(c:/texlive/2014/texmf-dist/tex/latex/natbib/natbib.sty
Package: natbib 2010/09/13 8.31b (PWD, AO)
\bibhang=\skip71
\bibsep=\skip72
LaTeX Info: Redefining \cite on input line 694.
\c@NAT@ctr=\count137
)
(c:/texlive/2014/texmf-dist/tex/latex/tools/verbatim.sty
Package: verbatim 2003/08/22 v1.5q LaTeX2e package for verbatim enhancements
\every@verbatim=\toks30
\verbatim@line=\toks31
\verbatim@in@stream=\read1
) (./vector.sty
Package: vector 1994/09/16 v1.0 vector macros for LaTeX2e (nde)

(c:/texlive/2014/texmf-dist/tex/latex/tools/calc.sty
Package: calc 2007/08/22 v4.3 Infix arithmetic (KKT,FJ)
\calc@Acount=\count138
\calc@Bcount=\count139
\calc@Adimen=\dimen150
\calc@Bdimen=\dimen151
\calc@Askip=\skip73
\calc@Bskip=\skip74
LaTeX Info: Redefining \setlength on input line 75.
LaTeX Info: Redefining \addtolength on input line 76.
\calc@Ccount=\count140
\calc@Cskip=\skip75
)
\c@vec@elem=\count141
)
Package hyperref Info: Option `colorlinks' set `true' on input line 13.
 (./Thesis.aux)
\openout1 = `Thesis.aux'.

LaTeX Font Info:    Checking defaults for OML/cmm/m/it on input line 16.
LaTeX Font Info:    ... okay on input line 16.
LaTeX Font Info:    Checking defaults for T1/cmr/m/n on input line 16.
LaTeX Font Info:    ... okay on input line 16.
LaTeX Font Info:    Checking defaults for OT1/cmr/m/n on input line 16.
LaTeX Font Info:    ... okay on input line 16.
LaTeX Font Info:    Checking defaults for OMS/cmsy/m/n on input line 16.
LaTeX Font Info:    ... okay on input line 16.
LaTeX Font Info:    Checking defaults for OMX/cmex/m/n on input line 16.
LaTeX Font Info:    ... okay on input line 16.
LaTeX Font Info:    Checking defaults for U/cmr/m/n on input line 16.
LaTeX Font Info:    ... okay on input line 16.
LaTeX Font Info:    Checking defaults for PD1/pdf/m/n on input line 16.
LaTeX Font Info:    ... okay on input line 16.
LaTeX Font Info:    Checking defaults for PU/pdf/m/n on input line 16.
LaTeX Font Info:    ... okay on input line 16.
Package caption Info: Begin \AtBeginDocument code.
Package caption Info: hyperref package is loaded.
Package caption Info: listings package is loaded.
Package caption Info: longtable package is loaded.

(c:/texlive/2014/texmf-dist/tex/latex/caption/ltcaption.sty
Package: ltcaption 2013/02/03 v1.3-62 longtable captions (AR)
)
Package caption Info: rotating package is loaded.
Package caption Info: subfigure package is loaded.
Package caption Info: End \AtBeginDocument code.

(c:/texlive/2014/texmf-dist/tex/context/base/supp-pdf.mkii
[Loading MPS to PDF converter (version 2006.09.02).]
\scratchcounter=\count142
\scratchdimen=\dimen152
\scratchbox=\box35
\nofMPsegments=\count143
\nofMParguments=\count144
\everyMPshowfont=\toks32
\MPscratchCnt=\count145
\MPscratchDim=\dimen153
\MPnumerator=\count146
\makeMPintoPDFobject=\count147
\everyMPtoPDFconversion=\toks33
)
\c@lstlisting=\count148
\AtBeginShipoutBox=\box36
 (c:/texlive/2014/texmf-dist/tex/latex/graphics/color.sty
Package: color 2014/04/23 v1.1a Standard LaTeX Color (DPC)

(c:/texlive/2014/texmf-dist/tex/latex/latexconfig/color.cfg
File: color.cfg 2007/01/18 v1.5 color configuration of teTeX/TeXLive
)
Package color Info: Driver file: pdftex.def on input line 137.
)
Package hyperref Info: Link coloring ON on input line 16.

(c:/texlive/2014/texmf-dist/tex/latex/hyperref/nameref.sty
Package: nameref 2012/10/27 v2.43 Cross-referencing by name of section

(c:/texlive/2014/texmf-dist/tex/generic/oberdiek/gettitlestring.sty
Package: gettitlestring 2010/12/03 v1.4 Cleanup title references (HO)
)
\c@section@level=\count149
)
LaTeX Info: Redefining \ref on input line 16.
LaTeX Info: Redefining \pageref on input line 16.
LaTeX Info: Redefining \nameref on input line 16.

(./Thesis.out) (./Thesis.out)
\@outlinefile=\write3
\openout3 = `Thesis.out'.


------------------------------------------------------------------------------
 Title Page
------------------------------------------------------------------------------
[1



{c:/Users/zjj/.texlive2014/texmf-var/fonts/map/pdftex/updmap/pdftex.map}]
------------------------------------------------------------------------------
 Declaration of Authorship
------------------------------------------------------------------------------
LaTeX Font Info:    Try loading font information for U+msa on input line 71.
(c:/texlive/2014/texmf-dist/tex/latex/amsfonts/umsa.fd
File: umsa.fd 2013/01/14 v3.01 AMS symbols A
)
LaTeX Font Info:    Try loading font information for U+msb on input line 71.

(c:/texlive/2014/texmf-dist/tex/latex/amsfonts/umsb.fd
File: umsb.fd 2013/01/14 v3.01 AMS symbols B
)
Underfull \hbox (badness 10000) in paragraph at lines 71--71

 []

[1

]
------------------------------------------------------------------------------
 Abstract Page
------------------------------------------------------------------------------
[2

]
------------------------------------------------------------------------------
 Acknowledgements
------------------------------------------------------------------------------
[3


]
------------------------------------------------------------------------------
 Table of Contents
------------------------------------------------------------------------------

Package hyperref Warning: old toc file detected, not used; run LaTeX again.

\tf@toc=\write4
\openout4 = `Thesis.toc'.

[4


]
------------------------------------------------------------------------------
 List of Figures
------------------------------------------------------------------------------

Package hyperref Warning: old lof file detected, not used; run LaTeX again.

\tf@lof=\write5
\openout5 = `Thesis.lof'.

[5


]
------------------------------------------------------------------------------
 List of Tables
------------------------------------------------------------------------------

Package hyperref Warning: old lot file detected, not used; run LaTeX again.

\tf@lot=\write6
\openout6 = `Thesis.lot'.

[6


]
------------------------------------------------------------------------------
 Abbreviations
------------------------------------------------------------------------------
[7



]
------------------------------------------------------------------------------
 Physical Constants
------------------------------------------------------------------------------
[8



]
------------------------------------------------------------------------------
 Symbols
------------------------------------------------------------------------------
[9



]
------------------------------------------------------------------------------
 Dedicatory
------------------------------------------------------------------------------
[10

] (./Chapters/Chapter1.tex [1


]
Chapter 1.
------------------------------------------------------------------------------
 1 Introduction
------------------------------------------------------------------------------
[2

]) (./Chapters/Chapter2.tex [3] [4]
Chapter 2.
------------------------------------------------------------------------------
 2 Background
------------------------------------------------------------------------------

Package natbib Warning: Citation `mcculloch1943logical' on page 5 undefined on 
input line 10.

<./Figures/Figure2-1.png, id=330, 602.25pt x 286.06876pt>
File: ./Figures/Figure2-1.png Graphic file (type png)

<use ./Figures/Figure2-1.png>
Package pdftex.def Info: ./Figures/Figure2-1.png used on input line 14.
(pdftex.def)             Requested size: 333.97972pt x 158.64781pt.
 [5

 <./Figures/Figure2-1.png>]

LaTeX Warning: Reference `eq:FullEq' on page 6 undefined on input line 31.


LaTeX Warning: Reference `eq:UsedEq' on page 6 undefined on input line 36.


LaTeX Warning: Reference `eq:BasicEq' on page 6 undefined on input line 36.


LaTeX Warning: Reference `fig:ffnet' on page 6 undefined on input line 55.

[6] <./Figures/Figure2-2.png, id=350, 32.37291pt x 21.30795pt>
File: ./Figures/Figure2-2.png Graphic file (type png)

<use ./Figures/Figure2-2.png>
Package pdftex.def Info: ./Figures/Figure2-2.png used on input line 59.
(pdftex.def)             Requested size: 333.97972pt x 220.02406pt.


LaTeX Warning: Reference `eq:ffEq' on page 7 undefined on input line 67.

[7 <./Figures/Figure2-2.png>] [8]

LaTeX Warning: Reference `eq:SoftmaxActivation' on page 9 undefined on input li
ne 119.

[9] [10] [11]

Package natbib Warning: Citation `lecun1998gradient' on page 12 undefined on in
put line 199.


Package natbib Warning: Citation `krizhevsky2012imagenet' on page 12 undefined 
on input line 199.

<./Figures/lenet.png, id=393, 544.1931pt x 127.1952pt>
File: ./Figures/lenet.png Graphic file (type png)

<use ./Figures/lenet.png>
Package pdftex.def Info: ./Figures/lenet.png used on input line 204.
(pdftex.def)             Requested size: 333.97972pt x 78.06058pt.


Package natbib Warning: Citation `lazebnik2006beyond' on page 12 undefined on i
nput line 210.

<./Figures/spm.jpg, id=395, 1014.79124pt x 608.2725pt>
File: ./Figures/spm.jpg Graphic file (type jpg)
 <use ./Figures/spm.jpg>
Package pdftex.def Info: ./Figures/spm.jpg used on input line 214.
(pdftex.def)             Requested size: 333.97972pt x 200.18294pt.


Package natbib Warning: Citation `pan2010survey' on page 12 undefined on input 
line 220.

<./Figures/MLvsTL.png, id=396, 526.96875pt x 384.43625pt>
File: ./Figures/MLvsTL.png Graphic file (type png)

<use ./Figures/MLvsTL.png>
Package pdftex.def Info: ./Figures/MLvsTL.png used on input line 230.
(pdftex.def)             Requested size: 333.97972pt x 243.65675pt.
) (./Chapters/Chapter3.tex [12 <./Figures/lenet.png>] [13 <./Figures/spm.jpg> <
./Figures/MLvsTL.png>]
Chapter 3.
------------------------------------------------------------------------------
 3 Methodology
------------------------------------------------------------------------------
<./Figures/ILSVRC2012_val_00000001.JPEG, id=412, 256.96pt x 256.96pt>
File: ./Figures/ILSVRC2012_val_00000001.JPEG Graphic file (type jpg)

<use ./Figures/ILSVRC2012_val_00000001.JPEG>
Package pdftex.def Info: ./Figures/ILSVRC2012_val_00000001.JPEG used on input l
ine 13.
(pdftex.def)             Requested size: 166.98668pt x 166.99065pt.

<./Figures/ILSVRC2012_val_00000002.JPEG, id=413, 256.96pt x 256.96pt>
File: ./Figures/ILSVRC2012_val_00000002.JPEG Graphic file (type jpg)

<use ./Figures/ILSVRC2012_val_00000002.JPEG>
Package pdftex.def Info: ./Figures/ILSVRC2012_val_00000002.JPEG used on input l
ine 15.
(pdftex.def)             Requested size: 166.98668pt x 166.99065pt.


Package natbib Warning: Citation `russell2008labelme' on page 14 undefined on i
nput line 20.


Package natbib Warning: Citation `xiao2010sun' on page 14 undefined on input li
ne 20.

<./Figures/cloudy_0001.png, id=414, 256.96pt x 256.96pt>
File: ./Figures/cloudy_0001.png Graphic file (type png)

<use ./Figures/cloudy_0001.png>
Package pdftex.def Info: ./Figures/cloudy_0001.png used on input line 24.
(pdftex.def)             Requested size: 166.98668pt x 166.99065pt.

<./Figures/sunny_0003.png, id=415, 256.96pt x 256.96pt>
File: ./Figures/sunny_0003.png Graphic file (type png)

<use ./Figures/sunny_0003.png>
Package pdftex.def Info: ./Figures/sunny_0003.png used on input line 26.
(pdftex.def)             Requested size: 166.98668pt x 166.99065pt.
 [14

 <./Figures/ILSVRC2012_val_00000001.JPEG> <./Figures/ILSVRC2012_val_00000002.JP
EG>]
<./Figures/sppnet.jpg, id=424, 642.4pt x 481.8pt>
File: ./Figures/sppnet.jpg Graphic file (type jpg)
 <use ./Figures/sppnet.jpg>
Package pdftex.def Info: ./Figures/sppnet.jpg used on input line 43.
(pdftex.def)             Requested size: 333.97972pt x 250.49332pt.

[15 <./Figures/cloudy_0001.png (PNG copy)> <./Figures/sunny_0003.png (PNG copy)
>]

Package natbib Warning: Citation `krizhevsky2012imagenet' on page 16 undefined 
on input line 52.

<./Figures/AlexNet.png, id=431, 728.7225pt x 232.87pt>
File: ./Figures/AlexNet.png Graphic file (type png)

<use ./Figures/AlexNet.png>
Package pdftex.def Info: ./Figures/AlexNet.png used on input line 55.
(pdftex.def)             Requested size: 333.97972pt x 106.72351pt.


Package natbib Warning: Citation `nair2010rectified' on page 16 undefined on in
put line 61.

[16 <./Figures/sppnet.jpg> <./Figures/AlexNet.png (PNG copy)>]
Missing character: There is no Ã in font cmr10!
Missing character: There is no — in font cmr10!
Missing character: There is no Ã in font cmr10!
Missing character: There is no — in font cmr10!
Missing character: There is no Ã in font cmr10!
Missing character: There is no — in font cmr10!
Missing character: There is no Ã in font cmr10!
Missing character: There is no — in font cmr10!
)
(./Chapters/Chapter4.tex [17]
Chapter 4.
------------------------------------------------------------------------------
 4 Experiment
------------------------------------------------------------------------------

Package natbib Warning: Citation `jia2014caffe' on page 18 undefined on input l
ine 7.


Package natbib Warning: Citation `jia2014caffe' on page 18 undefined on input l
ine 11.


Package natbib Warning: Citation `ZeilerF13' on page 18 undefined on input line
 11.


LaTeX Warning: Reference `eq:NetPara' on page 18 undefined on input line 19.

[18

] [19]

Package natbib Warning: Citation `krizhevsky2012imagenet' on page 20 undefined 
on input line 36.


LaTeX Warning: Reference `ExpRes' on page 20 undefined on input line 44.

<./Figures/FinetuneAccuracy.png, id=456, 578.16pt x 433.62pt>
File: ./Figures/FinetuneAccuracy.png Graphic file (type png)

<use ./Figures/FinetuneAccuracy.png>
Package pdftex.def Info: ./Figures/FinetuneAccuracy.png used on input line 63.
(pdftex.def)             Requested size: 333.97972pt x 250.48083pt.


LaTeX Warning: Reference `fig:finetuneprocess' on page 20 undefined on input li
ne 68.

[20] <./Figures/finetuneCNNProcess.png, id=465, 578.16pt x 433.62pt>
File: ./Figures/finetuneCNNProcess.png Graphic file (type png)

<use ./Figures/finetuneCNNProcess.png>
Package pdftex.def Info: ./Figures/finetuneCNNProcess.png used on input line 74
.
(pdftex.def)             Requested size: 166.98668pt x 125.2371pt.

<./Figures/finetuneSPPProcess.png, id=466, 578.16pt x 433.62pt>
File: ./Figures/finetuneSPPProcess.png Graphic file (type png)

<use ./Figures/finetuneSPPProcess.png>
Package pdftex.def Info: ./Figures/finetuneSPPProcess.png used on input line 75
.
(pdftex.def)             Requested size: 166.98668pt x 125.2371pt.


LaTeX Warning: Reference `fig:FTvsSC' on page 21 undefined on input line 80.

[21 <./Figures/FinetuneAccuracy.png> <./Figures/finetuneCNNProcess.png> <./Figu
res/finetuneSPPProcess.png>]

Package natbib Warning: Citation `razavian2014cnn' on page 22 undefined on inpu
t line 86.

<./Figures/DifferentLayers/cloudy1.png, id=477, 256.96pt x 256.96pt>
File: ./Figures/DifferentLayers/cloudy1.png Graphic file (type png)

<use ./Figures/DifferentLayers/cloudy1.png>
Package pdftex.def Info: ./Figures/DifferentLayers/cloudy1.png used on input li
ne 101.
(pdftex.def)             Requested size: 125.24318pt x 125.24495pt.

<./Figures/DifferentLayers/cloudy1_conv1_fm.png, id=478, 596.2275pt x 592.2125p
t>
File: ./Figures/DifferentLayers/cloudy1_conv1_fm.png Graphic file (type png)
 <use ./Figures/DifferentLayers/cloudy1_conv1_fm.png>
Package pdftex.def Info: ./Figures/DifferentLayers/cloudy1_conv1_fm.png used on
 input line 107.
(pdftex.def)             Requested size: 125.24318pt x 124.3954pt.

<./Figures/DifferentLayers/cloudy1_conv2_fm.png, id=479, 595.22375pt x 591.2087
6pt>
File: ./Figures/DifferentLayers/cloudy1_conv2_fm.png Graphic file (type png)
 <use ./Figures/DifferentLayers/cloudy1_conv2_fm.png>
Package pdftex.def Info: ./Figures/DifferentLayers/cloudy1_conv2_fm.png used on
 input line 113.
(pdftex.def)             Requested size: 125.24318pt x 124.39204pt.

<./Figures/DifferentLayers/cloudy1_conv3_fm.png, id=480, 596.2275pt x 592.2125p
t>
File: ./Figures/DifferentLayers/cloudy1_conv3_fm.png Graphic file (type png)
 <use ./Figures/DifferentLayers/cloudy1_conv3_fm.png>
Package pdftex.def Info: ./Figures/DifferentLayers/cloudy1_conv3_fm.png used on
 input line 119.
(pdftex.def)             Requested size: 125.24318pt x 124.3954pt.

<./Figures/DifferentLayers/cloudy1_conv4_fm.png, id=481, 596.2275pt x 592.2125p
t>
File: ./Figures/DifferentLayers/cloudy1_conv4_fm.png Graphic file (type png)
 <use ./Figures/DifferentLayers/cloudy1_conv4_fm.png>
Package pdftex.def Info: ./Figures/DifferentLayers/cloudy1_conv4_fm.png used on
 input line 125.
(pdftex.def)             Requested size: 125.24318pt x 124.3954pt.

<./Figures/DifferentLayers/cloudy1_conv5_fm.png, id=482, 596.2275pt x 592.2125p
t>
File: ./Figures/DifferentLayers/cloudy1_conv5_fm.png Graphic file (type png)
 <use ./Figures/DifferentLayers/cloudy1_conv5_fm.png>
Package pdftex.def Info: ./Figures/DifferentLayers/cloudy1_conv5_fm.png used on
 input line 131.
(pdftex.def)             Requested size: 125.24318pt x 124.3954pt.


LaTeX Warning: Reference `fig:cloudy_finetuneprocess' on page 22 undefined on i
nput line 138.

[22 <./Figures/DifferentLayers/cloudy1.png (PNG copy)> <./Figures/DifferentLaye
rs/cloudy1_conv1_fm.png> <./Figures/DifferentLayers/cloudy1_conv2_fm.png> <./Fi
gures/DifferentLayers/cloudy1_conv3_fm.png> <./Figures/DifferentLayers/cloudy1_
conv4_fm.png> <./Figures/DifferentLayers/cloudy1_conv5_fm.png>]
<./Figures/DifferentLayers/sunny2.png, id=501, 596.2275pt x 592.2125pt>
File: ./Figures/DifferentLayers/sunny2.png Graphic file (type png)

<use ./Figures/DifferentLayers/sunny2.png>
Package pdftex.def Info: ./Figures/DifferentLayers/sunny2.png used on input lin
e 149.
(pdftex.def)             Requested size: 125.24318pt x 124.3954pt.

<./Figures/DifferentLayers/sunny2_conv1_fm.png, id=502, 596.2275pt x 592.2125pt
>
File: ./Figures/DifferentLayers/sunny2_conv1_fm.png Graphic file (type png)
 <use ./Figures/DifferentLayers/sunny2_conv1_fm.png>
Package pdftex.def Info: ./Figures/DifferentLayers/sunny2_conv1_fm.png used on 
input line 155.
(pdftex.def)             Requested size: 125.24318pt x 124.3954pt.

<./Figures/DifferentLayers/sunny2_conv2_fm.png, id=503, 595.22375pt x 591.20876
pt>
File: ./Figures/DifferentLayers/sunny2_conv2_fm.png Graphic file (type png)
 <use ./Figures/DifferentLayers/sunny2_conv2_fm.png>
Package pdftex.def Info: ./Figures/DifferentLayers/sunny2_conv2_fm.png used on 
input line 161.
(pdftex.def)             Requested size: 125.24318pt x 124.39204pt.

<./Figures/DifferentLayers/sunny2_conv3_fm.png, id=504, 596.2275pt x 592.2125pt
>
File: ./Figures/DifferentLayers/sunny2_conv3_fm.png Graphic file (type png)
 <use ./Figures/DifferentLayers/sunny2_conv3_fm.png>
Package pdftex.def Info: ./Figures/DifferentLayers/sunny2_conv3_fm.png used on 
input line 167.
(pdftex.def)             Requested size: 125.24318pt x 124.3954pt.

<./Figures/DifferentLayers/sunny2_conv4_fm.png, id=505, 596.2275pt x 592.2125pt
>
File: ./Figures/DifferentLayers/sunny2_conv4_fm.png Graphic file (type png)
 <use ./Figures/DifferentLayers/sunny2_conv4_fm.png>
Package pdftex.def Info: ./Figures/DifferentLayers/sunny2_conv4_fm.png used on 
input line 173.
(pdftex.def)             Requested size: 125.24318pt x 124.3954pt.

<./Figures/DifferentLayers/sunny2_conv5_fm.png, id=506, 596.2275pt x 592.2125pt
>
File: ./Figures/DifferentLayers/sunny2_conv5_fm.png Graphic file (type png)
 <use ./Figures/DifferentLayers/sunny2_conv5_fm.png>
Package pdftex.def Info: ./Figures/DifferentLayers/sunny2_conv5_fm.png used on 
input line 179.
(pdftex.def)             Requested size: 125.24318pt x 124.3954pt.


LaTeX Warning: Reference `fig:cloudy_finetuneprocess' on page 23 undefined on i
nput line 186.


LaTeX Warning: Reference `fig:ImageNetArch' on page 23 undefined on input line 
186.

[23 <./Figures/DifferentLayers/sunny2.png> <./Figures/DifferentLayers/sunny2_co
nv1_fm.png> <./Figures/DifferentLayers/sunny2_conv2_fm.png> <./Figures/Differen
tLayers/sunny2_conv3_fm.png> <./Figures/DifferentLayers/sunny2_conv4_fm.png> <.
/Figures/DifferentLayers/sunny2_conv5_fm.png>]
File: ./Figures/DifferentLayers/sunny2.png Graphic file (type png)

<use ./Figures/DifferentLayers/sunny2.png>
Package pdftex.def Info: ./Figures/DifferentLayers/sunny2.png used on input lin
e 197.
(pdftex.def)             Requested size: 59.62624pt x 59.22472pt.

<./Figures/DifferentLayers/sunny2_caffe_conv1_fm.png, id=524, 596.2275pt x 592.
2125pt>
File: ./Figures/DifferentLayers/sunny2_caffe_conv1_fm.png Graphic file (type pn
g)
 <use ./Figures/DifferentLayers/sunny2_caffe_conv1_fm.png>
Package pdftex.def Info: ./Figures/DifferentLayers/sunny2_caffe_conv1_fm.png us
ed on input line 198.
(pdftex.def)             Requested size: 59.62624pt x 59.22472pt.

<./Figures/DifferentLayers/sunny2_caffe_conv2_fm.png, id=525, 595.22375pt x 591
.20876pt>
File: ./Figures/DifferentLayers/sunny2_caffe_conv2_fm.png Graphic file (type pn
g)
 <use ./Figures/DifferentLayers/sunny2_caffe_conv2_fm.png>
Package pdftex.def Info: ./Figures/DifferentLayers/sunny2_caffe_conv2_fm.png us
ed on input line 199.
(pdftex.def)             Requested size: 59.52585pt x 59.12433pt.

<./Figures/DifferentLayers/sunny2_caffe_conv3_fm.png, id=526, 596.2275pt x 592.
2125pt>
File: ./Figures/DifferentLayers/sunny2_caffe_conv3_fm.png Graphic file (type pn
g)
 <use ./Figures/DifferentLayers/sunny2_caffe_conv3_fm.png>
Package pdftex.def Info: ./Figures/DifferentLayers/sunny2_caffe_conv3_fm.png us
ed on input line 200.
(pdftex.def)             Requested size: 59.62624pt x 59.22472pt.

<./Figures/DifferentLayers/sunny2_caffe_conv4_fm.png, id=527, 596.2275pt x 592.
2125pt>
File: ./Figures/DifferentLayers/sunny2_caffe_conv4_fm.png Graphic file (type pn
g)
 <use ./Figures/DifferentLayers/sunny2_caffe_conv4_fm.png>
Package pdftex.def Info: ./Figures/DifferentLayers/sunny2_caffe_conv4_fm.png us
ed on input line 201.
(pdftex.def)             Requested size: 59.62624pt x 59.22472pt.

<./Figures/DifferentLayers/sunny2_caffe_conv5_fm.png, id=528, 596.2275pt x 592.
2125pt>
File: ./Figures/DifferentLayers/sunny2_caffe_conv5_fm.png Graphic file (type pn
g)
 <use ./Figures/DifferentLayers/sunny2_caffe_conv5_fm.png>
Package pdftex.def Info: ./Figures/DifferentLayers/sunny2_caffe_conv5_fm.png us
ed on input line 202.
(pdftex.def)             Requested size: 59.62624pt x 59.22472pt.
File: ./Figures/DifferentLayers/sunny2.png Graphic file (type png)

<use ./Figures/DifferentLayers/sunny2.png>
Package pdftex.def Info: ./Figures/DifferentLayers/sunny2.png used on input lin
e 205.
(pdftex.def)             Requested size: 59.62624pt x 59.22472pt.
File: ./Figures/DifferentLayers/sunny2_conv1_fm.png Graphic file (type png)

<use ./Figures/DifferentLayers/sunny2_conv1_fm.png>
Package pdftex.def Info: ./Figures/DifferentLayers/sunny2_conv1_fm.png used on 
input line 206.
(pdftex.def)             Requested size: 59.62624pt x 59.22472pt.
File: ./Figures/DifferentLayers/sunny2_conv2_fm.png Graphic file (type png)

<use ./Figures/DifferentLayers/sunny2_conv2_fm.png>
Package pdftex.def Info: ./Figures/DifferentLayers/sunny2_conv2_fm.png used on 
input line 207.
(pdftex.def)             Requested size: 59.52585pt x 59.12433pt.
File: ./Figures/DifferentLayers/sunny2_conv3_fm.png Graphic file (type png)

<use ./Figures/DifferentLayers/sunny2_conv3_fm.png>
Package pdftex.def Info: ./Figures/DifferentLayers/sunny2_conv3_fm.png used on 
input line 208.
(pdftex.def)             Requested size: 59.62624pt x 59.22472pt.
File: ./Figures/DifferentLayers/sunny2_conv4_fm.png Graphic file (type png)

<use ./Figures/DifferentLayers/sunny2_conv4_fm.png>
Package pdftex.def Info: ./Figures/DifferentLayers/sunny2_conv4_fm.png used on 
input line 209.
(pdftex.def)             Requested size: 59.62624pt x 59.22472pt.
File: ./Figures/DifferentLayers/sunny2_conv5_fm.png Graphic file (type png)

<use ./Figures/DifferentLayers/sunny2_conv5_fm.png>
Package pdftex.def Info: ./Figures/DifferentLayers/sunny2_conv5_fm.png used on 
input line 210.
(pdftex.def)             Requested size: 59.62624pt x 59.22472pt.

Overfull \hbox (12.18396pt too wide) in paragraph at lines 195--212
 [] 
 []


<./Figures/DifferentLayers/sunny2_hist_caffe_fc7.png, id=529, 592.2125pt x 288.
07625pt>
File: ./Figures/DifferentLayers/sunny2_hist_caffe_fc7.png Graphic file (type pn
g)
 <use ./Figures/DifferentLayers/sunny2_hist_caffe_fc7.png>
Package pdftex.def Info: ./Figures/DifferentLayers/sunny2_hist_caffe_fc7.png us
ed on input line 220.
(pdftex.def)             Requested size: 166.98668pt x 81.22783pt.

<./Figures/DifferentLayers/sunny2_hist_spp_fc7.png, id=530, 592.2125pt x 288.07
625pt>
File: ./Figures/DifferentLayers/sunny2_hist_spp_fc7.png Graphic file (type png)

 <use ./Figures/DifferentLayers/sunny2_hist_spp_fc7.png>
Package pdftex.def Info: ./Figures/DifferentLayers/sunny2_hist_spp_fc7.png used
 on input line 221.
(pdftex.def)             Requested size: 166.98668pt x 81.22783pt.
)
(./Chapters/Chapter5.tex [24 <./Figures/DifferentLayers/sunny2_caffe_conv1_fm.p
ng> <./Figures/DifferentLayers/sunny2_caffe_conv2_fm.png> <./Figures/DifferentL
ayers/sunny2_caffe_conv3_fm.png> <./Figures/DifferentLayers/sunny2_caffe_conv4_
fm.png> <./Figures/DifferentLayers/sunny2_caffe_conv5_fm.png> <./Figures/Differ
entLayers/sunny2_hist_caffe_fc7.png> <./Figures/DifferentLayers/sunny2_hist_spp
_fc7.png>]
Chapter 5.
------------------------------------------------------------------------------
 5 Introduction
------------------------------------------------------------------------------
<./Figures/beach.jpg, id=545, 285.065pt x 177.66376pt>
File: ./Figures/beach.jpg Graphic file (type jpg)

<use ./Figures/beach.jpg>
Package pdftex.def Info: ./Figures/beach.jpg used on input line 15.
(pdftex.def)             Requested size: 333.97972pt x 208.15039pt.


LaTeX Warning: Reference `fig:MultilableImage' on page 25 undefined on input li
ne 21.


LaTeX Warning: Reference `tab:MultilabelTable' on page 25 undefined on input li
ne 39.

[25

 <./Figures/beach.jpg>]

Package natbib Warning: Citation `read2011classifier' on page 26 undefined on i
nput line 44.


Package natbib Warning: Citation `read2011classifier' on page 26 undefined on i
nput line 44.


Package natbib Warning: Citation `tsoumakas2006multi' on page 26 undefined on i
nput line 46.


Package natbib Warning: Citation `tsoumakas2007random' on page 26 undefined on 
input line 46.

[26]

Package natbib Warning: Citation `ghamrawi2005collective' on page 27 undefined 
on input line 65.


Package natbib Warning: Citation `tsoumakas2007random' on page 27 undefined on 
input line 65.

[27]
LaTeX Font Info:    Try loading font information for OMS+cmr on input line 71.
 (c:/texlive/2014/texmf-dist/tex/latex/base/omscmr.fd
File: omscmr.fd 1999/05/25 v2.5h Standard LaTeX font definitions
)
LaTeX Font Info:    Font shape `OMS/cmr/m/n' in size <10.95> not available
(Font)              Font shape `OMS/cmsy/m/n' tried instead on input line 71.
 [28] [29]

Package natbib Warning: Citation `gao2013consistency' on page 30 undefined on i
nput line 170.

[30]

Package natbib Warning: Citation `read2011classifier' on page 31 undefined on i
nput line 195.

[31]

Package natbib Warning: Citation `zhang2007ml' on page 32 undefined on input li
ne 211.

[32]

LaTeX Warning: Reference `eq:CategoryVec' on page 33 undefined on input line 22
5.


LaTeX Warning: Reference `eq:CategoryVecBay' on page 33 undefined on input line
 231.


Package natbib Warning: Citation `ghamrawi2005collective' on page 33 undefined 
on input line 235.

[33]) (./Chapters/Chapter6.tex [34]
Chapter 6.
------------------------------------------------------------------------------
 6 Multi-lable Classification Methodology
------------------------------------------------------------------------------
<./Figures/color_wheel.jpg, id=626, 2060.69875pt x 2001.4775pt>
File: ./Figures/color_wheel.jpg Graphic file (type jpg)

<use ./Figures/color_wheel.jpg>
Package pdftex.def Info: ./Figures/color_wheel.jpg used on input line 13.
(pdftex.def)             Requested size: 206.08194pt x 200.15947pt.
 [35

 <./Figures/color_wheel.jpg>]
<./Figures/0.png, id=635, 16.06pt x 16.06pt>
File: ./Figures/0.png Graphic file (type png)
 <use ./Figures/0.png>
Package pdftex.def Info: ./Figures/0.png used on input line 30.
(pdftex.def)             Requested size: 125.24318pt x 125.28409pt.

<./Figures/1.png, id=636, 16.06pt x 16.06pt>
File: ./Figures/1.png Graphic file (type png)
 <use ./Figures/1.png>
Package pdftex.def Info: ./Figures/1.png used on input line 31.
(pdftex.def)             Requested size: 125.24318pt x 125.28409pt.

<./Figures/3.png, id=637, 16.06pt x 16.06pt>
File: ./Figures/3.png Graphic file (type png)
 <use ./Figures/3.png>
Package pdftex.def Info: ./Figures/3.png used on input line 32.
(pdftex.def)             Requested size: 125.24318pt x 125.28409pt.


Package natbib Warning: Citation `barron1993universal' on page 36 undefined on 
input line 40.

[36 <./Figures/0.png (PNG copy)> <./Figures/1.png (PNG copy)> <./Figures/3.png 
(PNG copy)>]

LaTeX Warning: Reference `fig:MultiLabelNet' on page 37 undefined on input line
 46.

<./Figures/MultiLabelNet.jpeg, id=649, 294.26862pt x 240.9pt>
File: ./Figures/MultiLabelNet.jpeg Graphic file (type jpg)

<use ./Figures/MultiLabelNet.jpeg>
Package pdftex.def Info: ./Figures/MultiLabelNet.jpeg used on input line 51.
(pdftex.def)             Requested size: 333.97972pt x 273.42316pt.


LaTeX Warning: Reference `fig:MultiLabelNet' on page 37 undefined on input line
 55.

[37 <./Figures/MultiLabelNet.jpeg>]

LaTeX Warning: Reference `eq:MultiLableSamError' on page 38 undefined on input 
line 67.


LaTeX Warning: Reference `eq:MultiLableSamError' on page 38 undefined on input 
line 67.


LaTeX Warning: Reference `eq:MultiLableGlobalError' on page 38 undefined on inp
ut line 71.


LaTeX Warning: Reference `eq:MultiLableGlobalError' on page 38 undefined on inp
ut line 72.


LaTeX Warning: Reference `eq:MultiLableGlobalError' on page 38 undefined on inp
ut line 74.


LaTeX Warning: Reference `eq:MultiLableGlobalError' on page 38 undefined on inp
ut line 74.

[38]

LaTeX Warning: Reference `eq:LikelihoodErrorFunc' on page 39 undefined on input
 line 99.

[39]

Package natbib Warning: Citation `bermejo2001oriented' on page 40 undefined on 
input line 107.


LaTeX Warning: Reference `eq:RelativeEngtropy' on page 40 undefined on input li
ne 113.


LaTeX Warning: Reference `eq:TwoClassCrossEntropyCostFunc' on page 40 undefined
 on input line 127.

[40]

LaTeX Warning: Reference `eq:TwoClassCrossEntropyCostFunc' on page 41 undefined
 on input line 129.

[41]

LaTeX Warning: Reference `eq:tanh' on page 42 undefined on input line 161.


LaTeX Warning: Reference `eq:MultiLabelActivation' on page 42 undefined on inpu
t line 171.


LaTeX Warning: Reference `eq:MultiLableGlobalError' on page 42 undefined on inp
ut line 175.


LaTeX Warning: Reference `eq:MultiLableChainRule' on page 42 undefined on input
 line 183.


LaTeX Warning: Reference `eq:MultiLablePartialC' on page 42 undefined on input 
line 183.

[42]

LaTeX Warning: Reference `eq:MultiLableUpdateWeights' on page 43 undefined on i
nput line 220.


LaTeX Warning: Reference `eq:MultiLableUpdateBias' on page 43 undefined on inpu
t line 220.


Package natbib Warning: Citation `elisseeff2001kernel' on page 43 undefined on 
input line 222.

[43]

LaTeX Warning: Reference `eq:MultiLableGenErr' on page 44 undefined on input li
ne 228.


LaTeX Warning: Reference `eq:MultiLableGenErrEsFin' on page 44 undefined on inp
ut line 228.

) (./Appendices/AppendixA.tex [44]
Appendix A.
------------------------------------------------------------------------------
 A Appendix Title Here
------------------------------------------------------------------------------
) [45

]
------------------------------------------------------------------------------
 Bibliography
------------------------------------------------------------------------------
(./Thesis.bbl [46


])

Package natbib Warning: There were undefined citations.

Package atveryend Info: Empty hook `BeforeClearDocument' on input line 199.
[47]
Package atveryend Info: Empty hook `AfterLastShipout' on input line 199.
 (./Thesis.aux

Package natbib Warning: Citation(s) may have changed.
(natbib)                Rerun to get citations correct.

)
Package atveryend Info: Executing hook `AtVeryEndDocument' on input line 199.
Package atveryend Info: Executing hook `AtEndAfterFileList' on input line 199.


Package rerunfilecheck Warning: File `Thesis.out' has changed.
(rerunfilecheck)                Rerun to get outlines right
(rerunfilecheck)                or use package `bookmark'.

Package rerunfilecheck Info: Checksums for `Thesis.out':
(rerunfilecheck)             Before: 8225F1E35AE7474730959E936901234E;10374
(rerunfilecheck)             After:  2440D6A00120F69B64A365B61B78FE53;10380.

LaTeX Warning: There were undefined references.


LaTeX Warning: Label(s) may have changed. Rerun to get cross-references right.

Package atveryend Info: Empty hook `AtVeryVeryEnd' on input line 199.
 ) 
Here is how much of TeX's memory you used:
 13641 strings out of 493117
 196540 string characters out of 6138984
 258349 words of memory out of 5000000
 16564 multiletter control sequences out of 15000+600000
 16377 words of font info for 61 fonts, out of 8000000 for 9000
 1141 hyphenation exceptions out of 8191
 49i,15n,45p,1209b,466s stack positions out of 5000i,500n,10000p,200000b,80000s
pdfTeX warning (dest): name{dummy.180} has been referenced but does not exist
, replaced by a fixed one

pdfTeX warning (dest): name{appendix.179} has been referenced but does not exis
t, replaced by a fixed one

pdfTeX warning (dest): name{subsection.164} has been referenced but does not ex
ist, replaced by a fixed one

pdfTeX warning (dest): name{subsection.156} has been referenced but does not ex
ist, replaced by a fixed one

pdfTeX warning (dest): name{subsection.150} has been referenced but does not ex
ist, replaced by a fixed one

pdfTeX warning (dest): name{subsection.145} has been referenced but does not ex
ist, replaced by a fixed one

pdfTeX warning (dest): name{section.144} has been referenced but does not exist
, replaced by a fixed one

pdfTeX warning (dest): name{subsection.138} has been referenced but does not ex
ist, replaced by a fixed one

pdfTeX warning (dest): name{section.136} has been referenced but does not exist
, replaced by a fixed one

pdfTeX warning (dest): name{chapter.135} has been referenced but does not exist
, replaced by a fixed one

pdfTeX warning (dest): name{subsubsection.131} has been referenced but does not
 exist, replaced by a fixed one

pdfTeX warning (dest): name{subsubsection.127} has been referenced but does not
 exist, replaced by a fixed one

pdfTeX warning (dest): name{subsection.126} has been referenced but does not ex
ist, replaced by a fixed one

pdfTeX warning (dest): name{subsubsection.122} has been referenced but does not
 exist, replaced by a fixed one

pdfTeX warning (dest): name{subsection.121} has been referenced but does not ex
ist, replaced by a fixed one

pdfTeX warning (dest): name{section.120} has been referenced but does not exist
, replaced by a fixed one

pdfTeX warning (dest): name{subsection.113} has been referenced but does not ex
ist, replaced by a fixed one

pdfTeX warning (dest): name{subsection.106} has been referenced but does not ex
ist, replaced by a fixed one

pdfTeX warning (dest): name{section.103} has been referenced but does not exist
, replaced by a fixed one

pdfTeX warning (dest): name{section.102} has been referenced but does not exist
, replaced by a fixed one

pdfTeX warning (dest): name{section.99} has been referenced but does not exist,
 replaced by a fixed one

pdfTeX warning (dest): name{chapter.98} has been referenced but does not exist,
 replaced by a fixed one

pdfTeX warning (dest): name{section.95} has been referenced but does not exist,
 replaced by a fixed one

pdfTeX warning (dest): name{section.80} has been referenced but does not exist,
 replaced by a fixed one

pdfTeX warning (dest): name{section.75} has been referenced but does not exist,
 replaced by a fixed one

pdfTeX warning (dest): name{section.74} has been referenced but does not exist,
 replaced by a fixed one

pdfTeX warning (dest): name{section.71} has been referenced but does not exist,
 replaced by a fixed one

pdfTeX warning (dest): name{chapter.70} has been referenced but does not exist,
 replaced by a fixed one

pdfTeX warning (dest): name{section.65} has been referenced but does not exist,
 replaced by a fixed one

pdfTeX warning (dest): name{section.64} has been referenced but does not exist,
 replaced by a fixed one

pdfTeX warning (dest): name{section.61} has been referenced but does not exist,
 replaced by a fixed one

pdfTeX warning (dest): name{chapter.60} has been referenced but does not exist,
 replaced by a fixed one

pdfTeX warning (dest): name{section.53} has been referenced but does not exist,
 replaced by a fixed one

pdfTeX warning (dest): name{section.50} has been referenced but does not exist,
 replaced by a fixed one

pdfTeX warning (dest): name{section.49} has been referenced but does not exist,
 replaced by a fixed one

<c:/texlive/2014/texmf-dist/fonts/type1/public/amsfonts/cm/cmbx10.pfb><c:/texli
ve/2014/texmf-dist/fonts/type1/public/amsfonts/cm/cmbx12.pfb><c:/texlive/2014/t
exmf-dist/fonts/type1/public/amsfonts/cm/cmcsc10.pfb><c:/texlive/2014/texmf-dis
t/fonts/type1/public/amsfonts/cm/cmex10.pfb><c:/texlive/2014/texmf-dist/fonts/t
ype1/public/amsfonts/cm/cmmi10.pfb><c:/texlive/2014/texmf-dist/fonts/type1/publ
ic/amsfonts/cm/cmmi6.pfb><c:/texlive/2014/texmf-dist/fonts/type1/public/amsfont
s/cm/cmmi7.pfb><c:/texlive/2014/texmf-dist/fonts/type1/public/amsfonts/cm/cmmi8
.pfb><c:/texlive/2014/texmf-dist/fonts/type1/public/amsfonts/cm/cmr10.pfb><c:/t
exlive/2014/texmf-dist/fonts/type1/public/amsfonts/cm/cmr12.pfb><c:/texlive/201
4/texmf-dist/fonts/type1/public/amsfonts/cm/cmr17.pfb><c:/texlive/2014/texmf-di
st/fonts/type1/public/amsfonts/cm/cmr7.pfb><c:/texlive/2014/texmf-dist/fonts/ty
pe1/public/amsfonts/cm/cmr8.pfb><c:/texlive/2014/texmf-dist/fonts/type1/public/
amsfonts/cm/cmr9.pfb><c:/texlive/2014/texmf-dist/fonts/type1/public/amsfonts/cm
/cmsl12.pfb><c:/texlive/2014/texmf-dist/fonts/type1/public/amsfonts/cm/cmsy10.p
fb><c:/texlive/2014/texmf-dist/fonts/type1/public/amsfonts/cm/cmsy8.pfb><c:/tex
live/2014/texmf-dist/fonts/type1/public/amsfonts/cm/cmti10.pfb><c:/texlive/2014
/texmf-dist/fonts/type1/public/amsfonts/cm/cmti12.pfb><c:/texlive/2014/texmf-di
st/fonts/type1/public/amsfonts/cm/cmtt10.pfb><c:/texlive/2014/texmf-dist/fonts/
type1/public/amsfonts/symbols/msam7.pfb><c:/texlive/2014/texmf-dist/fonts/type1
/public/amsfonts/symbols/msbm10.pfb>
Output written on Thesis.pdf (58 pages, 2789593 bytes).
PDF statistics:
 894 PDF objects out of 1000 (max. 8388607)
 741 compressed objects within 8 object streams
 297 named destinations out of 1000 (max. 500000)
 668 words of extra memory for PDF output out of 10000 (max. 10000000)

