\BOOKMARK [0][-]{dummy.1}{\376\377\000D\000e\000c\000l\000a\000r\000a\000t\000i\000o\000n\000\040\000o\000f\000\040\000A\000u\000t\000h\000o\000r\000s\000h\000i\000p}{}% 1
\BOOKMARK [0][-]{dummy.2}{\376\377\000A\000c\000k\000n\000o\000w\000l\000e\000d\000g\000e\000m\000e\000n\000t\000s}{}% 2
\BOOKMARK [0][-]{dummy.4}{\376\377\000L\000i\000s\000t\000\040\000o\000f\000\040\000F\000i\000g\000u\000r\000e\000s}{}% 3
\BOOKMARK [0][-]{dummy.6}{\376\377\000L\000i\000s\000t\000\040\000o\000f\000\040\000T\000a\000b\000l\000e\000s}{}% 4
\BOOKMARK [0][-]{dummy.8}{\376\377\000A\000b\000b\000r\000e\000v\000i\000a\000t\000i\000o\000n\000s}{}% 5
\BOOKMARK [0][-]{dummy.11}{\376\377\000P\000h\000y\000s\000i\000c\000a\000l\000\040\000C\000o\000n\000s\000t\000a\000n\000t\000s}{}% 6
\BOOKMARK [0][-]{dummy.14}{\376\377\000S\000y\000m\000b\000o\000l\000s}{}% 7
\BOOKMARK [0][-]{chapter.17}{\376\377\0001\000\040\000I\000n\000t\000r\000o\000d\000u\000c\000t\000i\000o\000n}{}% 8
\BOOKMARK [1][-]{section.18}{\376\377\0001\000.\0001\000\040\000O\000v\000e\000r\000v\000i\000e\000w}{chapter.17}% 9
\BOOKMARK [1][-]{section.19}{\376\377\0001\000.\0002\000\040\000S\000t\000a\000t\000i\000s\000t\000i\000c\000a\000l\000\040\000P\000a\000t\000t\000e\000r\000n\000\040\000R\000e\000c\000o\000g\000n\000i\000z\000a\000t\000i\000o\000n}{chapter.17}% 10
\BOOKMARK [1][-]{section.20}{\376\377\0001\000.\0003\000\040\000A\000r\000t\000i\000f\000i\000c\000i\000a\000l\000\040\000N\000e\000u\000r\000a\000l\000\040\000N\000e\000t\000w\000o\000r\000k\000s}{chapter.17}% 11
\BOOKMARK [1][-]{section.21}{\376\377\0001\000.\0004\000\040\000W\000e\000a\000t\000h\000e\000r\000\040\000C\000l\000a\000s\000s\000i\000f\000i\000c\000a\000t\000i\000o\000n}{chapter.17}% 12
\BOOKMARK [0][-]{chapter.22}{\376\377\0002\000\040\000B\000a\000c\000k\000g\000r\000o\000u\000n\000d}{}% 13
\BOOKMARK [1][-]{section.23}{\376\377\0002\000.\0001\000\040\000S\000i\000n\000g\000l\000e\000-\000L\000a\000y\000e\000r\000\040\000N\000e\000t\000w\000o\000r\000k\000s}{chapter.22}% 14
\BOOKMARK [1][-]{section.30}{\376\377\0002\000.\0002\000\040\000M\000u\000l\000t\000i\000-\000L\000a\000y\000e\000r\000\040\000N\000e\000t\000w\000o\000r\000k\000s}{chapter.22}% 15
\BOOKMARK [1][-]{section.35}{\376\377\0002\000.\0003\000\040\000B\000a\000c\000k\000p\000r\000o\000p\000a\000g\000a\000t\000i\000o\000n}{chapter.22}% 16
\BOOKMARK [1][-]{section.40}{\376\377\0002\000.\0004\000\040\000S\000o\000f\000t\000m\000a\000x\000\040\000c\000l\000a\000s\000s\000i\000f\000i\000e\000r}{chapter.22}% 17
\BOOKMARK [1][-]{section.42}{\376\377\0002\000.\0005\000\040\000T\000r\000a\000i\000n\000i\000n\000g\000\040\000p\000r\000o\000t\000o\000c\000o\000l\000s}{chapter.22}% 18
\BOOKMARK [1][-]{section.43}{\376\377\0002\000.\0006\000\040\000S\000t\000o\000c\000h\000a\000s\000t\000i\000c\000\040\000G\000r\000a\000d\000i\000e\000n\000t\000\040\000D\000e\000s\000c\000e\000n\000t}{chapter.22}% 19
\BOOKMARK [1][-]{section.46}{\376\377\0002\000.\0007\000\040\000C\000o\000n\000v\000o\000l\000u\000t\000i\000o\000n\000a\000l\000\040\000N\000e\000u\000r\000a\000l\000\040\000N\000e\000t\000w\000o\000r\000k\000s}{chapter.22}% 20
\BOOKMARK [1][-]{section.48}{\376\377\0002\000.\0008\000\040\000S\000p\000a\000t\000i\000a\000l\000\040\000P\000y\000r\000a\000m\000i\000d\000\040\000M\000a\000t\000c\000h}{chapter.22}% 21
\BOOKMARK [1][-]{section.50}{\376\377\0002\000.\0009\000\040\000T\000r\000a\000n\000s\000f\000e\000r\000\040\000L\000e\000a\000r\000n\000i\000n\000g}{chapter.22}% 22
\BOOKMARK [0][-]{chapter.53}{\376\377\0003\000\040\000M\000e\000t\000h\000o\000d\000o\000l\000o\000g\000y}{}% 23
\BOOKMARK [1][-]{section.54}{\376\377\0003\000.\0001\000\040\000D\000a\000t\000a\000s\000e\000t}{chapter.53}% 24
\BOOKMARK [1][-]{section.57}{\376\377\0003\000.\0002\000\040\000D\000a\000t\000a\000\040\000A\000r\000g\000u\000m\000e\000n\000t}{chapter.53}% 25
\BOOKMARK [1][-]{section.58}{\376\377\0003\000.\0003\000\040\000S\000p\000a\000t\000i\000a\000l\000\040\000P\000y\000r\000a\000m\000i\000d\000\040\000P\000o\000o\000l\000i\000n\000g}{chapter.53}% 26
\BOOKMARK [1][-]{section.60}{\376\377\0003\000.\0004\000\040\000C\000o\000n\000v\000o\000l\000u\000t\000i\000o\000n\000a\000l\000\040\000N\000e\000u\000r\000a\000l\000\040\000N\000e\000t\000w\000o\000r\000k\000s\000\040\000A\000r\000c\000h\000i\000t\000e\000c\000t\000u\000r\000e}{chapter.53}% 27
\BOOKMARK [0][-]{chapter.63}{\376\377\0004\000\040\000E\000x\000p\000e\000r\000i\000m\000e\000n\000t}{}% 28
\BOOKMARK [1][-]{section.64}{\376\377\0004\000.\0001\000\040\000T\000r\000a\000i\000n\000i\000n\000g\000\040\000N\000e\000u\000r\000a\000l\000\040\000N\000e\000t\000w\000o\000r\000k}{chapter.63}% 29
\BOOKMARK [1][-]{section.67}{\376\377\0004\000.\0002\000\040\000F\000i\000n\000e\000-\000t\000u\000n\000i\000n\000g\000\040\000M\000o\000d\000e\000l}{chapter.63}% 30
\BOOKMARK [1][-]{section.68}{\376\377\0004\000.\0003\000\040\000C\000o\000m\000p\000a\000n\000i\000o\000n\000\040\000E\000x\000p\000e\000r\000i\000m\000e\000n\000t\000a\000l}{chapter.63}% 31
\BOOKMARK [1][-]{section.69}{\376\377\0004\000.\0004\000\040\000E\000x\000p\000e\000r\000i\000m\000e\000n\000t\000a\000l\000\040\000R\000e\000s\000u\000l\000t}{chapter.63}% 32
\BOOKMARK [1][-]{section.73}{\376\377\0004\000.\0005\000\040\000A\000r\000c\000h\000i\000t\000e\000c\000t\000u\000r\000e\000\040\000A\000n\000a\000l\000y\000s\000i\000s}{chapter.63}% 33
\BOOKMARK [1][-]{section.88}{\376\377\0004\000.\0006\000\040\000T\000r\000a\000n\000s\000f\000e\000r\000\040\000L\000e\000a\000r\000n\000i\000n\000g}{chapter.63}% 34
\BOOKMARK [0][-]{chapter.91}{\376\377\0005\000\040\000I\000n\000t\000r\000o\000d\000u\000c\000t\000i\000o\000n}{}% 35
\BOOKMARK [1][-]{section.92}{\376\377\0005\000.\0001\000\040\000O\000v\000e\000r\000v\000i\000e\000w}{chapter.91}% 36
\BOOKMARK [1][-]{section.95}{\376\377\0005\000.\0002\000\040\000M\000u\000l\000t\000i\000-\000L\000a\000b\000e\000l\000\040\000L\000e\000a\000r\000n\000i\000n\000g}{chapter.91}% 37
\BOOKMARK [1][-]{section.96}{\376\377\0005\000.\0003\000\040\000E\000v\000a\000l\000u\000a\000t\000i\000o\000n\000\040\000M\000e\000t\000r\000i\000c\000s}{chapter.91}% 38
\BOOKMARK [2][-]{subsection.99}{\376\377\0005\000.\0003\000.\0001\000\040\000E\000x\000a\000m\000p\000l\000e\000-\000b\000a\000s\000e\000d\000\040\000M\000e\000t\000r\000i\000c\000s}{section.96}% 39
\BOOKMARK [2][-]{subsection.106}{\376\377\0005\000.\0003\000.\0002\000\040\000L\000a\000b\000e\000l\000-\000b\000a\000s\000e\000d\000\040\000M\000e\000t\000r\000i\000c\000s}{section.96}% 40
\BOOKMARK [1][-]{section.113}{\376\377\0005\000.\0004\000\040\000L\000e\000a\000r\000n\000i\000n\000g\000\040\000A\000l\000g\000o\000r\000i\000t\000h\000m\000s}{chapter.91}% 41
\BOOKMARK [2][-]{subsection.114}{\376\377\0005\000.\0004\000.\0001\000\040\000P\000r\000o\000b\000l\000e\000m\000\040\000T\000r\000a\000n\000s\000f\000o\000r\000m\000a\000t\000i\000o\000n\000\040\000M\000e\000t\000h\000o\000d\000s}{section.113}% 42
\BOOKMARK [3][-]{subsubsection.115}{\376\377\0005\000.\0004\000.\0001\000.\0001\000\040\000B\000i\000n\000a\000r\000y\000\040\000R\000e\000l\000e\000v\000a\000n\000c\000e}{subsection.114}% 43
\BOOKMARK [3][-]{subsubsection.117}{\376\377\0005\000.\0004\000.\0001\000.\0002\000\040\000C\000l\000a\000s\000s\000i\000f\000i\000e\000r\000\040\000C\000h\000a\000i\000n\000s}{subsection.114}% 44
\BOOKMARK [2][-]{subsection.119}{\376\377\0005\000.\0004\000.\0002\000\040\000A\000l\000g\000o\000r\000i\000t\000h\000m\000\040\000A\000d\000a\000p\000t\000a\000t\000i\000o\000n\000\040\000M\000e\000t\000h\000o\000d\000s}{section.113}% 45
\BOOKMARK [3][-]{subsubsection.120}{\376\377\0005\000.\0004\000.\0002\000.\0001\000\040\000M\000u\000l\000t\000i\000-\000l\000a\000b\000e\000l\000\040\000k\000-\000N\000e\000a\000r\000e\000s\000t\000\040\000N\000e\000i\000g\000h\000b\000o\000r\000\050\000M\000L\000-\000k\000N\000N\000\051}{subsection.119}% 46
\BOOKMARK [3][-]{subsubsection.124}{\376\377\0005\000.\0004\000.\0002\000.\0002\000\040\000C\000o\000l\000l\000e\000c\000t\000i\000v\000e\000\040\000M\000u\000l\000t\000i\000-\000l\000a\000b\000e\000l\000\040\000C\000l\000a\000s\000s\000i\000f\000i\000e\000r\000\050\000C\000M\000L\000\051}{subsection.119}% 47
\BOOKMARK [0][-]{chapter.128}{\376\377\0006\000\040\000M\000u\000l\000t\000i\000-\000l\000a\000b\000l\000e\000\040\000C\000l\000a\000s\000s\000i\000f\000i\000c\000a\000t\000i\000o\000n\000\040\000M\000e\000t\000h\000o\000d\000o\000l\000o\000g\000y}{}% 48
\BOOKMARK [1][-]{section.129}{\376\377\0006\000.\0001\000\040\000A\000r\000t\000i\000f\000i\000c\000i\000a\000l\000\040\000D\000a\000t\000a\000s\000e\000t}{chapter.128}% 49
\BOOKMARK [2][-]{subsection.131}{\376\377\0006\000.\0001\000.\0001\000\040\000C\000o\000l\000o\000u\000r\000\040\000G\000e\000n\000e\000r\000a\000t\000i\000o\000n}{section.129}% 50
\BOOKMARK [1][-]{section.137}{\376\377\0006\000.\0002\000\040\000A\000r\000t\000i\000f\000i\000c\000i\000a\000l\000\040\000N\000e\000u\000r\000a\000l\000\040\000N\000e\000t\000w\000o\000r\000k\000s}{chapter.128}% 51
\BOOKMARK [2][-]{subsection.138}{\376\377\0006\000.\0002\000.\0001\000\040\000N\000e\000t\000w\000o\000r\000k\000\040\000A\000r\000c\000h\000i\000t\000e\000c\000t\000u\000r\000e}{section.137}% 52
\BOOKMARK [2][-]{subsection.143}{\376\377\0006\000.\0002\000.\0002\000\040\000E\000r\000r\000o\000r\000\040\000F\000u\000n\000c\000t\000i\000o\000n}{section.137}% 53
\BOOKMARK [2][-]{subsection.149}{\376\377\0006\000.\0002\000.\0003\000\040\000C\000r\000o\000s\000s\000\040\000E\000n\000t\000r\000o\000p\000y}{section.137}% 54
\BOOKMARK [2][-]{subsection.157}{\376\377\0006\000.\0002\000.\0004\000\040\000T\000r\000a\000i\000n\000i\000n\000g\000\040\000a\000n\000d\000\040\000T\000e\000s\000t\000i\000n\000g}{section.137}% 55
\BOOKMARK [0][-]{appendix.172}{\376\377\000A\000\040\000A\000p\000p\000e\000n\000d\000i\000x\000\040\000T\000i\000t\000l\000e\000\040\000H\000e\000r\000e}{}% 56
\BOOKMARK [0][-]{dummy.173}{\376\377\000B\000i\000b\000l\000i\000o\000g\000r\000a\000p\000h\000y}{}% 57
