I0120 16:23:42.109282 14016 train_net.cpp:26] Starting Optimization
I0120 16:23:42.109380 14016 solver.cpp:36] Initializing solver from parameters: 
train_net: "train.prototxt"
test_net: "test.prototxt"
test_iter: 1
test_interval: 200
base_lr: 0.0001
display: 20
max_iter: 5000
lr_policy: "step"
gamma: 0.1
momentum: 0.9
weight_decay: 0.0005
stepsize: 1000
snapshot: 1000
snapshot_prefix: "multi_label_train"
solver_mode: GPU
I0120 16:23:42.288235 14016 solver.cpp:56] Creating training net from file: train.prototxt
I0120 16:23:42.288485 14016 net.cpp:39] Initializing net from parameters: 
name: "CaffeNet"
layers {
  top: "data"
  top: "label"
  name: "data"
  type: DATA
  data_param {
    source: "multi-label-train.leveldb"
    mean_file: "mean.binaryproto"
    batch_size: 4
  }
}
layers {
  bottom: "data"
  top: "ip1"
  name: "ip1"
  type: INNER_PRODUCT
  blobs_lr: 1
  blobs_lr: 2
  inner_product_param {
    num_output: 400
    weight_filler {
      type: "xavier"
    }
    bias_filler {
      type: "constant"
    }
  }
}
layers {
  bottom: "ip1"
  top: "ip1"
  name: "relu1"
  type: RELU
}
layers {
  bottom: "ip1"
  top: "ipout2"
  name: "ip2"
  type: INNER_PRODUCT
  blobs_lr: 1
  blobs_lr: 2
  inner_product_param {
    num_output: 3
    weight_filler {
      type: "xavier"
    }
    bias_filler {
      type: "constant"
    }
  }
}
layers {
  bottom: "ipout2"
  bottom: "label"
  name: "loss"
  type: MULTI_LABEL_LOSS
}
I0120 16:23:42.288558 14016 net.cpp:67] Creating Layer data
I0120 16:23:42.288569 14016 net.cpp:187] data -> data
I0120 16:23:42.288592 14016 net.cpp:187] data -> label
I0120 16:23:42.288635 14016 data_layer.cpp:193] Opening leveldb multi-label-train.leveldb
I0120 16:23:42.394258 14016 data_layer.cpp:278] output data size: 4,3,16,16
I0120 16:23:42.394273 14016 data_layer.cpp:286] output label size: 4,3,1,1
I0120 16:23:42.394279 14016 data_layer.cpp:303] Loading mean file frommean.binaryproto
I0120 16:23:42.394351 14016 net.cpp:84] Top shape: 4 3 16 16 (3072)
I0120 16:23:42.394361 14016 net.cpp:84] Top shape: 4 3 1 1 (12)
I0120 16:23:42.394366 14016 net.cpp:126] data does not need backward computation.
I0120 16:23:42.394376 14016 net.cpp:67] Creating Layer ip1
I0120 16:23:42.394379 14016 net.cpp:226] ip1 <- data
I0120 16:23:42.394388 14016 net.cpp:187] ip1 -> ip1
I0120 16:23:42.397406 14016 net.cpp:84] Top shape: 4 400 1 1 (1600)
I0120 16:23:42.397419 14016 net.cpp:121] ip1 needs backward computation.
I0120 16:23:42.397425 14016 net.cpp:67] Creating Layer relu1
I0120 16:23:42.397429 14016 net.cpp:226] relu1 <- ip1
I0120 16:23:42.397434 14016 net.cpp:177] relu1 -> ip1 (in-place)
I0120 16:23:42.397445 14016 net.cpp:84] Top shape: 4 400 1 1 (1600)
I0120 16:23:42.397450 14016 net.cpp:121] relu1 needs backward computation.
I0120 16:23:42.397455 14016 net.cpp:67] Creating Layer ip2
I0120 16:23:42.397459 14016 net.cpp:226] ip2 <- ip1
I0120 16:23:42.397464 14016 net.cpp:187] ip2 -> ipout2
I0120 16:23:42.397490 14016 net.cpp:84] Top shape: 4 3 1 1 (12)
I0120 16:23:42.397495 14016 net.cpp:121] ip2 needs backward computation.
I0120 16:23:42.397500 14016 net.cpp:67] Creating Layer loss
I0120 16:23:42.397507 14016 net.cpp:226] loss <- ipout2
I0120 16:23:42.397511 14016 net.cpp:226] loss <- label
I0120 16:23:42.397521 14016 net.cpp:121] loss needs backward computation.
I0120 16:23:42.397527 14016 net.cpp:295] Collecting Learning Rate and Weight Decay.
I0120 16:23:42.397533 14016 net.cpp:159] Network initialization done.
I0120 16:23:42.397536 14016 net.cpp:160] Memory required for data: 0
I0120 16:23:42.397554 14016 solver.cpp:75] Creating testing net (#0) from file: test.prototxt
I0120 16:23:42.397718 14016 net.cpp:39] Initializing net from parameters: 
name: "CaffeNet"
layers {
  top: "data"
  top: "label"
  name: "data"
  type: DATA
  data_param {
    source: "multi-label-test.leveldb"
    mean_file: "mean.binaryproto"
    batch_size: 40
  }
}
layers {
  bottom: "data"
  top: "ip1"
  name: "ip1"
  type: INNER_PRODUCT
  inner_product_param {
    num_output: 400
    weight_filler {
      type: "xavier"
    }
    bias_filler {
      type: "constant"
    }
  }
}
layers {
  bottom: "ip1"
  top: "ip1"
  name: "relu1"
  type: RELU
}
layers {
  bottom: "ip1"
  top: "ipout2"
  name: "ip2"
  type: INNER_PRODUCT
  inner_product_param {
    num_output: 3
    weight_filler {
      type: "xavier"
    }
    bias_filler {
      type: "constant"
    }
  }
}
layers {
  bottom: "ipout2"
  bottom: "label"
  top: "accuracy"
  name: "accuracy"
  type: MULTI_LABEL_ACCURACY
}
I0120 16:23:42.397753 14016 net.cpp:67] Creating Layer data
I0120 16:23:42.397759 14016 net.cpp:187] data -> data
I0120 16:23:42.397768 14016 net.cpp:187] data -> label
I0120 16:23:42.397774 14016 data_layer.cpp:193] Opening leveldb multi-label-test.leveldb
I0120 16:23:42.503206 14016 data_layer.cpp:278] output data size: 40,3,16,16
I0120 16:23:42.503219 14016 data_layer.cpp:286] output label size: 40,3,1,1
I0120 16:23:42.503223 14016 data_layer.cpp:303] Loading mean file frommean.binaryproto
I0120 16:23:42.503320 14016 net.cpp:84] Top shape: 40 3 16 16 (30720)
I0120 16:23:42.503329 14016 net.cpp:84] Top shape: 40 3 1 1 (120)
I0120 16:23:42.503334 14016 net.cpp:126] data does not need backward computation.
I0120 16:23:42.503341 14016 net.cpp:67] Creating Layer ip1
I0120 16:23:42.503345 14016 net.cpp:226] ip1 <- data
I0120 16:23:42.503351 14016 net.cpp:187] ip1 -> ip1
I0120 16:23:42.509428 14016 net.cpp:84] Top shape: 40 400 1 1 (16000)
I0120 16:23:42.509456 14016 net.cpp:121] ip1 needs backward computation.
I0120 16:23:42.509470 14016 net.cpp:67] Creating Layer relu1
I0120 16:23:42.509479 14016 net.cpp:226] relu1 <- ip1
I0120 16:23:42.509491 14016 net.cpp:177] relu1 -> ip1 (in-place)
I0120 16:23:42.509506 14016 net.cpp:84] Top shape: 40 400 1 1 (16000)
I0120 16:23:42.509516 14016 net.cpp:121] relu1 needs backward computation.
I0120 16:23:42.509527 14016 net.cpp:67] Creating Layer ip2
I0120 16:23:42.509536 14016 net.cpp:226] ip2 <- ip1
I0120 16:23:42.509547 14016 net.cpp:187] ip2 -> ipout2
I0120 16:23:42.509596 14016 net.cpp:84] Top shape: 40 3 1 1 (120)
I0120 16:23:42.509613 14016 net.cpp:121] ip2 needs backward computation.
I0120 16:23:42.509624 14016 net.cpp:67] Creating Layer accuracy
I0120 16:23:42.509632 14016 net.cpp:226] accuracy <- ipout2
I0120 16:23:42.509644 14016 net.cpp:226] accuracy <- label
I0120 16:23:42.509655 14016 net.cpp:187] accuracy -> accuracy
I0120 16:23:42.509675 14016 net.cpp:84] Top shape: 1 5 1 1 (5)
I0120 16:23:42.509685 14016 net.cpp:121] accuracy needs backward computation.
I0120 16:23:42.509692 14016 net.cpp:148] This network produces output accuracy
I0120 16:23:42.509706 14016 net.cpp:295] Collecting Learning Rate and Weight Decay.
I0120 16:23:42.509717 14016 net.cpp:159] Network initialization done.
I0120 16:23:42.509726 14016 net.cpp:160] Memory required for data: 0
I0120 16:23:42.509757 14016 solver.cpp:79] Solver scaffolding done.
I0120 16:23:42.509764 14016 solver.cpp:85] Solving CaffeNet
I0120 16:23:42.509778 14016 solver.cpp:138] Iteration 0, Testing net (#0)
I0120 16:23:42.522486 14016 solver.cpp:176] Test score #0: 0.735849
I0120 16:23:42.522539 14016 solver.cpp:176] Test score #1: 0.283582
I0120 16:23:42.522554 14016 solver.cpp:176] Test score #2: 0.409392
I0120 16:23:42.522567 14016 solver.cpp:176] Test score #3: 0.448276
I0120 16:23:42.522578 14016 solver.cpp:176] Test score #4: 0.557143
I0120 16:23:42.533813 14016 solver.cpp:271] Iteration 20, lr = 0.0001
I0120 16:23:42.533953 14016 solver.cpp:111] Iteration 20, loss = 1.58638
I0120 16:23:42.543233 14016 solver.cpp:271] Iteration 40, lr = 0.0001
I0120 16:23:42.543340 14016 solver.cpp:111] Iteration 40, loss = 0.096614
I0120 16:23:42.551542 14016 solver.cpp:271] Iteration 60, lr = 0.0001
I0120 16:23:42.551647 14016 solver.cpp:111] Iteration 60, loss = 1.88943e-05
I0120 16:23:42.559705 14016 solver.cpp:271] Iteration 80, lr = 0.0001
I0120 16:23:42.559809 14016 solver.cpp:111] Iteration 80, loss = 4.83929
I0120 16:23:42.568946 14016 solver.cpp:271] Iteration 100, lr = 0.0001
I0120 16:23:42.569052 14016 solver.cpp:111] Iteration 100, loss = 12.1131
I0120 16:23:42.577888 14016 solver.cpp:271] Iteration 120, lr = 0.0001
I0120 16:23:42.577994 14016 solver.cpp:111] Iteration 120, loss = 6.3909
I0120 16:23:42.586112 14016 solver.cpp:271] Iteration 140, lr = 0.0001
I0120 16:23:42.586216 14016 solver.cpp:111] Iteration 140, loss = 1.95337
I0120 16:23:42.594360 14016 solver.cpp:271] Iteration 160, lr = 0.0001
I0120 16:23:42.594465 14016 solver.cpp:111] Iteration 160, loss = 8.57775
I0120 16:23:42.604168 14016 solver.cpp:271] Iteration 180, lr = 0.0001
I0120 16:23:42.604287 14016 solver.cpp:111] Iteration 180, loss = 0.484997
I0120 16:23:42.612615 14016 solver.cpp:271] Iteration 200, lr = 0.0001
I0120 16:23:42.612720 14016 solver.cpp:111] Iteration 200, loss = 5.6744
I0120 16:23:42.612731 14016 solver.cpp:138] Iteration 200, Testing net (#0)
I0120 16:23:42.613049 14016 solver.cpp:176] Test score #0: 0.924528
I0120 16:23:42.613064 14016 solver.cpp:176] Test score #1: 0.925373
I0120 16:23:42.613068 14016 solver.cpp:176] Test score #2: 0.924951
I0120 16:23:42.613073 14016 solver.cpp:176] Test score #3: 0.907407
I0120 16:23:42.613078 14016 solver.cpp:176] Test score #4: 0.915888
I0120 16:23:42.621119 14016 solver.cpp:271] Iteration 220, lr = 0.0001
I0120 16:23:42.621222 14016 solver.cpp:111] Iteration 220, loss = 1.85264
I0120 16:23:42.630286 14016 solver.cpp:271] Iteration 240, lr = 0.0001
I0120 16:23:42.630391 14016 solver.cpp:111] Iteration 240, loss = 7.94298
I0120 16:23:42.639255 14016 solver.cpp:271] Iteration 260, lr = 0.0001
I0120 16:23:42.639359 14016 solver.cpp:111] Iteration 260, loss = 0.341874
I0120 16:23:42.647630 14016 solver.cpp:271] Iteration 280, lr = 0.0001
I0120 16:23:42.647735 14016 solver.cpp:111] Iteration 280, loss = 7.95709e-06
I0120 16:23:42.655889 14016 solver.cpp:271] Iteration 300, lr = 0.0001
I0120 16:23:42.655992 14016 solver.cpp:111] Iteration 300, loss = 0
I0120 16:23:42.665735 14016 solver.cpp:271] Iteration 320, lr = 0.0001
I0120 16:23:42.665843 14016 solver.cpp:111] Iteration 320, loss = 4.41071e-06
I0120 16:23:42.674106 14016 solver.cpp:271] Iteration 340, lr = 0.0001
I0120 16:23:42.674211 14016 solver.cpp:111] Iteration 340, loss = 0.0436228
I0120 16:23:42.682409 14016 solver.cpp:271] Iteration 360, lr = 0.0001
I0120 16:23:42.682513 14016 solver.cpp:111] Iteration 360, loss = 2.38419e-07
I0120 16:23:42.691503 14016 solver.cpp:271] Iteration 380, lr = 0.0001
I0120 16:23:42.691608 14016 solver.cpp:111] Iteration 380, loss = 3.88354
I0120 16:23:42.700597 14016 solver.cpp:271] Iteration 400, lr = 0.0001
I0120 16:23:42.700724 14016 solver.cpp:111] Iteration 400, loss = 8.56532
I0120 16:23:42.700736 14016 solver.cpp:138] Iteration 400, Testing net (#0)
I0120 16:23:42.701032 14016 solver.cpp:176] Test score #0: 0.962264
I0120 16:23:42.701046 14016 solver.cpp:176] Test score #1: 0.895522
I0120 16:23:42.701051 14016 solver.cpp:176] Test score #2: 0.927694
I0120 16:23:42.701056 14016 solver.cpp:176] Test score #3: 0.87931
I0120 16:23:42.701061 14016 solver.cpp:176] Test score #4: 0.918919
I0120 16:23:42.709326 14016 solver.cpp:271] Iteration 420, lr = 0.0001
I0120 16:23:42.709508 14016 solver.cpp:111] Iteration 420, loss = 1.63475
I0120 16:23:42.718715 14016 solver.cpp:271] Iteration 440, lr = 0.0001
I0120 16:23:42.718822 14016 solver.cpp:111] Iteration 440, loss = 0.401759
I0120 16:23:42.728126 14016 solver.cpp:271] Iteration 460, lr = 0.0001
I0120 16:23:42.728246 14016 solver.cpp:111] Iteration 460, loss = 0.164916
I0120 16:23:42.737149 14016 solver.cpp:271] Iteration 480, lr = 0.0001
I0120 16:23:42.737253 14016 solver.cpp:111] Iteration 480, loss = 0
I0120 16:23:42.745549 14016 solver.cpp:271] Iteration 500, lr = 0.0001
I0120 16:23:42.745654 14016 solver.cpp:111] Iteration 500, loss = 5.96046e-07
I0120 16:23:42.754763 14016 solver.cpp:271] Iteration 520, lr = 0.0001
I0120 16:23:42.754870 14016 solver.cpp:111] Iteration 520, loss = 0
I0120 16:23:42.763672 14016 solver.cpp:271] Iteration 540, lr = 0.0001
I0120 16:23:42.763777 14016 solver.cpp:111] Iteration 540, loss = 7.45057e-07
I0120 16:23:42.771836 14016 solver.cpp:271] Iteration 560, lr = 0.0001
I0120 16:23:42.771939 14016 solver.cpp:111] Iteration 560, loss = 1.67483e-05
I0120 16:23:42.780056 14016 solver.cpp:271] Iteration 580, lr = 0.0001
I0120 16:23:42.780160 14016 solver.cpp:111] Iteration 580, loss = 0
I0120 16:23:42.789850 14016 solver.cpp:271] Iteration 600, lr = 0.0001
I0120 16:23:42.789958 14016 solver.cpp:111] Iteration 600, loss = 5.52772e-05
I0120 16:23:42.789969 14016 solver.cpp:138] Iteration 600, Testing net (#0)
I0120 16:23:42.790287 14016 solver.cpp:176] Test score #0: 0.867925
I0120 16:23:42.790300 14016 solver.cpp:176] Test score #1: 0.910448
I0120 16:23:42.790305 14016 solver.cpp:176] Test score #2: 0.888678
I0120 16:23:42.790310 14016 solver.cpp:176] Test score #3: 0.884615
I0120 16:23:42.790315 14016 solver.cpp:176] Test score #4: 0.87619
I0120 16:23:42.798506 14016 solver.cpp:271] Iteration 620, lr = 0.0001
I0120 16:23:42.798611 14016 solver.cpp:111] Iteration 620, loss = 2.03377
I0120 16:23:42.806776 14016 solver.cpp:271] Iteration 640, lr = 0.0001
I0120 16:23:42.806879 14016 solver.cpp:111] Iteration 640, loss = 0
I0120 16:23:42.816066 14016 solver.cpp:271] Iteration 660, lr = 0.0001
I0120 16:23:42.816174 14016 solver.cpp:111] Iteration 660, loss = 12.3286
I0120 16:23:42.825037 14016 solver.cpp:271] Iteration 680, lr = 0.0001
I0120 16:23:42.825142 14016 solver.cpp:111] Iteration 680, loss = 4.50791
I0120 16:23:42.833362 14016 solver.cpp:271] Iteration 700, lr = 0.0001
I0120 16:23:42.833467 14016 solver.cpp:111] Iteration 700, loss = 0.0475727
I0120 16:23:42.841634 14016 solver.cpp:271] Iteration 720, lr = 0.0001
I0120 16:23:42.841737 14016 solver.cpp:111] Iteration 720, loss = 9.86441e-06
I0120 16:23:42.851536 14016 solver.cpp:271] Iteration 740, lr = 0.0001
I0120 16:23:42.851642 14016 solver.cpp:111] Iteration 740, loss = 0
I0120 16:23:42.859899 14016 solver.cpp:271] Iteration 760, lr = 0.0001
I0120 16:23:42.860003 14016 solver.cpp:111] Iteration 760, loss = 0
I0120 16:23:42.868218 14016 solver.cpp:271] Iteration 780, lr = 0.0001
I0120 16:23:42.868329 14016 solver.cpp:111] Iteration 780, loss = 2.98023e-08
I0120 16:23:42.877387 14016 solver.cpp:271] Iteration 800, lr = 0.0001
I0120 16:23:42.877492 14016 solver.cpp:111] Iteration 800, loss = 0.828891
I0120 16:23:42.877503 14016 solver.cpp:138] Iteration 800, Testing net (#0)
I0120 16:23:42.877969 14016 solver.cpp:176] Test score #0: 0.867925
I0120 16:23:42.877982 14016 solver.cpp:176] Test score #1: 0.985075
I0120 16:23:42.877988 14016 solver.cpp:176] Test score #2: 0.922796
I0120 16:23:42.877993 14016 solver.cpp:176] Test score #3: 0.978723
I0120 16:23:42.877998 14016 solver.cpp:176] Test score #4: 0.92
I0120 16:23:42.886658 14016 solver.cpp:271] Iteration 820, lr = 0.0001
I0120 16:23:42.886764 14016 solver.cpp:111] Iteration 820, loss = 0.014919
I0120 16:23:42.895067 14016 solver.cpp:271] Iteration 840, lr = 0.0001
I0120 16:23:42.895171 14016 solver.cpp:111] Iteration 840, loss = 5.09195
I0120 16:23:42.903316 14016 solver.cpp:271] Iteration 860, lr = 0.0001
I0120 16:23:42.903420 14016 solver.cpp:111] Iteration 860, loss = 0
I0120 16:23:42.913288 14016 solver.cpp:271] Iteration 880, lr = 0.0001
I0120 16:23:42.913394 14016 solver.cpp:111] Iteration 880, loss = 0
I0120 16:23:42.921525 14016 solver.cpp:271] Iteration 900, lr = 0.0001
I0120 16:23:42.921634 14016 solver.cpp:111] Iteration 900, loss = 0
I0120 16:23:42.929867 14016 solver.cpp:271] Iteration 920, lr = 0.0001
I0120 16:23:42.929976 14016 solver.cpp:111] Iteration 920, loss = 0
I0120 16:23:42.938819 14016 solver.cpp:271] Iteration 940, lr = 0.0001
I0120 16:23:42.938930 14016 solver.cpp:111] Iteration 940, loss = 0
I0120 16:23:42.948102 14016 solver.cpp:271] Iteration 960, lr = 0.0001
I0120 16:23:42.948231 14016 solver.cpp:111] Iteration 960, loss = 2.08616e-07
I0120 16:23:42.956353 14016 solver.cpp:271] Iteration 980, lr = 0.0001
I0120 16:23:42.956456 14016 solver.cpp:111] Iteration 980, loss = 5.66244e-07
I0120 16:23:42.964618 14016 solver.cpp:271] Iteration 1000, lr = 1e-05
I0120 16:23:42.964722 14016 solver.cpp:111] Iteration 1000, loss = 2.98023e-07
I0120 16:23:42.964735 14016 solver.cpp:138] Iteration 1000, Testing net (#0)
I0120 16:23:42.965051 14016 solver.cpp:176] Test score #0: 0.90566
I0120 16:23:42.965065 14016 solver.cpp:176] Test score #1: 0.970149
I0120 16:23:42.965071 14016 solver.cpp:176] Test score #2: 0.936796
I0120 16:23:42.965076 14016 solver.cpp:176] Test score #3: 0.96
I0120 16:23:42.965081 14016 solver.cpp:176] Test score #4: 0.932039
I0120 16:23:42.967489 14016 solver.cpp:193] Snapshotting to multi_label_train_iter_1000
I0120 16:23:42.973284 14016 solver.cpp:200] Snapshotting solver state to multi_label_train_iter_1000.solverstate
I0120 16:23:42.984905 14016 solver.cpp:271] Iteration 1020, lr = 1e-05
I0120 16:23:42.985024 14016 solver.cpp:111] Iteration 1020, loss = 0
I0120 16:23:42.993165 14016 solver.cpp:271] Iteration 1040, lr = 1e-05
I0120 16:23:42.993270 14016 solver.cpp:111] Iteration 1040, loss = 0
I0120 16:23:43.003103 14016 solver.cpp:271] Iteration 1060, lr = 1e-05
I0120 16:23:43.003217 14016 solver.cpp:111] Iteration 1060, loss = 0.00269083
I0120 16:23:43.011494 14016 solver.cpp:271] Iteration 1080, lr = 1e-05
I0120 16:23:43.011600 14016 solver.cpp:111] Iteration 1080, loss = 0
I0120 16:23:43.019827 14016 solver.cpp:271] Iteration 1100, lr = 1e-05
I0120 16:23:43.019932 14016 solver.cpp:111] Iteration 1100, loss = 0
I0120 16:23:43.028139 14016 solver.cpp:271] Iteration 1120, lr = 1e-05
I0120 16:23:43.028260 14016 solver.cpp:111] Iteration 1120, loss = 5.96046e-08
I0120 16:23:43.038107 14016 solver.cpp:271] Iteration 1140, lr = 1e-05
I0120 16:23:43.038223 14016 solver.cpp:111] Iteration 1140, loss = 0
I0120 16:23:43.046497 14016 solver.cpp:271] Iteration 1160, lr = 1e-05
I0120 16:23:43.046603 14016 solver.cpp:111] Iteration 1160, loss = 0
I0120 16:23:43.054791 14016 solver.cpp:271] Iteration 1180, lr = 1e-05
I0120 16:23:43.054896 14016 solver.cpp:111] Iteration 1180, loss = 0
I0120 16:23:43.064721 14016 solver.cpp:271] Iteration 1200, lr = 1e-05
I0120 16:23:43.064834 14016 solver.cpp:111] Iteration 1200, loss = 0
I0120 16:23:43.064846 14016 solver.cpp:138] Iteration 1200, Testing net (#0)
I0120 16:23:43.065165 14016 solver.cpp:176] Test score #0: 0.886792
I0120 16:23:43.065178 14016 solver.cpp:176] Test score #1: 0.985075
I0120 16:23:43.065184 14016 solver.cpp:176] Test score #2: 0.933353
I0120 16:23:43.065189 14016 solver.cpp:176] Test score #3: 0.979167
I0120 16:23:43.065194 14016 solver.cpp:176] Test score #4: 0.930693
I0120 16:23:43.073504 14016 solver.cpp:271] Iteration 1220, lr = 1e-05
I0120 16:23:43.073609 14016 solver.cpp:111] Iteration 1220, loss = 0
I0120 16:23:43.081974 14016 solver.cpp:271] Iteration 1240, lr = 1e-05
I0120 16:23:43.082078 14016 solver.cpp:111] Iteration 1240, loss = 2.98023e-08
I0120 16:23:43.091140 14016 solver.cpp:271] Iteration 1260, lr = 1e-05
I0120 16:23:43.091245 14016 solver.cpp:111] Iteration 1260, loss = 0
I0120 16:23:43.100291 14016 solver.cpp:271] Iteration 1280, lr = 1e-05
I0120 16:23:43.100396 14016 solver.cpp:111] Iteration 1280, loss = 2.44378e-06
I0120 16:23:43.108762 14016 solver.cpp:271] Iteration 1300, lr = 1e-05
I0120 16:23:43.108867 14016 solver.cpp:111] Iteration 1300, loss = 2.98023e-08
I0120 16:23:43.118144 14016 solver.cpp:271] Iteration 1320, lr = 1e-05
I0120 16:23:43.118250 14016 solver.cpp:111] Iteration 1320, loss = 0
I0120 16:23:43.127548 14016 solver.cpp:271] Iteration 1340, lr = 1e-05
I0120 16:23:43.127653 14016 solver.cpp:111] Iteration 1340, loss = 0
I0120 16:23:43.136471 14016 solver.cpp:271] Iteration 1360, lr = 1e-05
I0120 16:23:43.136577 14016 solver.cpp:111] Iteration 1360, loss = 5.96046e-08
I0120 16:23:43.144922 14016 solver.cpp:271] Iteration 1380, lr = 1e-05
I0120 16:23:43.145026 14016 solver.cpp:111] Iteration 1380, loss = 0
I0120 16:23:43.154341 14016 solver.cpp:271] Iteration 1400, lr = 1e-05
I0120 16:23:43.154448 14016 solver.cpp:111] Iteration 1400, loss = 0
I0120 16:23:43.154460 14016 solver.cpp:138] Iteration 1400, Testing net (#0)
I0120 16:23:43.155089 14016 solver.cpp:176] Test score #0: 0.886792
I0120 16:23:43.155102 14016 solver.cpp:176] Test score #1: 0.970149
I0120 16:23:43.155108 14016 solver.cpp:176] Test score #2: 0.9266
I0120 16:23:43.155113 14016 solver.cpp:176] Test score #3: 0.959184
I0120 16:23:43.155118 14016 solver.cpp:176] Test score #4: 0.921569
I0120 16:23:43.163327 14016 solver.cpp:271] Iteration 1420, lr = 1e-05
I0120 16:23:43.163431 14016 solver.cpp:111] Iteration 1420, loss = 0
I0120 16:23:43.171532 14016 solver.cpp:271] Iteration 1440, lr = 1e-05
I0120 16:23:43.171636 14016 solver.cpp:111] Iteration 1440, loss = 0
I0120 16:23:43.179764 14016 solver.cpp:271] Iteration 1460, lr = 1e-05
I0120 16:23:43.179877 14016 solver.cpp:111] Iteration 1460, loss = 0
I0120 16:23:43.189481 14016 solver.cpp:271] Iteration 1480, lr = 1e-05
I0120 16:23:43.189586 14016 solver.cpp:111] Iteration 1480, loss = 0
I0120 16:23:43.197852 14016 solver.cpp:271] Iteration 1500, lr = 1e-05
I0120 16:23:43.197957 14016 solver.cpp:111] Iteration 1500, loss = 0
I0120 16:23:43.206073 14016 solver.cpp:271] Iteration 1520, lr = 1e-05
I0120 16:23:43.206177 14016 solver.cpp:111] Iteration 1520, loss = 2.20536e-06
I0120 16:23:43.215781 14016 solver.cpp:271] Iteration 1540, lr = 1e-05
I0120 16:23:43.215888 14016 solver.cpp:111] Iteration 1540, loss = 0
I0120 16:23:43.224208 14016 solver.cpp:271] Iteration 1560, lr = 1e-05
I0120 16:23:43.224313 14016 solver.cpp:111] Iteration 1560, loss = 0
I0120 16:23:43.232511 14016 solver.cpp:271] Iteration 1580, lr = 1e-05
I0120 16:23:43.232615 14016 solver.cpp:111] Iteration 1580, loss = 0
I0120 16:23:43.240758 14016 solver.cpp:271] Iteration 1600, lr = 1e-05
I0120 16:23:43.240890 14016 solver.cpp:111] Iteration 1600, loss = 5.96046e-08
I0120 16:23:43.240905 14016 solver.cpp:138] Iteration 1600, Testing net (#0)
I0120 16:23:43.241199 14016 solver.cpp:176] Test score #0: 0.886792
I0120 16:23:43.241214 14016 solver.cpp:176] Test score #1: 0.970149
I0120 16:23:43.241220 14016 solver.cpp:176] Test score #2: 0.9266
I0120 16:23:43.241225 14016 solver.cpp:176] Test score #3: 0.959184
I0120 16:23:43.241230 14016 solver.cpp:176] Test score #4: 0.921569
I0120 16:23:43.250722 14016 solver.cpp:271] Iteration 1620, lr = 1e-05
I0120 16:23:43.250828 14016 solver.cpp:111] Iteration 1620, loss = 0
I0120 16:23:43.259060 14016 solver.cpp:271] Iteration 1640, lr = 1e-05
I0120 16:23:43.259165 14016 solver.cpp:111] Iteration 1640, loss = 0
I0120 16:23:43.267364 14016 solver.cpp:271] Iteration 1660, lr = 1e-05
I0120 16:23:43.267468 14016 solver.cpp:111] Iteration 1660, loss = 0
I0120 16:23:43.276695 14016 solver.cpp:271] Iteration 1680, lr = 1e-05
I0120 16:23:43.276801 14016 solver.cpp:111] Iteration 1680, loss = 0
I0120 16:23:43.285430 14016 solver.cpp:271] Iteration 1700, lr = 1e-05
I0120 16:23:43.285536 14016 solver.cpp:111] Iteration 1700, loss = 0
I0120 16:23:43.293820 14016 solver.cpp:271] Iteration 1720, lr = 1e-05
I0120 16:23:43.293925 14016 solver.cpp:111] Iteration 1720, loss = 0
I0120 16:23:43.302120 14016 solver.cpp:271] Iteration 1740, lr = 1e-05
I0120 16:23:43.302227 14016 solver.cpp:111] Iteration 1740, loss = 0
I0120 16:23:43.311967 14016 solver.cpp:271] Iteration 1760, lr = 1e-05
I0120 16:23:43.312072 14016 solver.cpp:111] Iteration 1760, loss = 1.96695e-06
I0120 16:23:43.320276 14016 solver.cpp:271] Iteration 1780, lr = 1e-05
I0120 16:23:43.320381 14016 solver.cpp:111] Iteration 1780, loss = 0
I0120 16:23:43.328572 14016 solver.cpp:271] Iteration 1800, lr = 1e-05
I0120 16:23:43.328676 14016 solver.cpp:111] Iteration 1800, loss = 0
I0120 16:23:43.328687 14016 solver.cpp:138] Iteration 1800, Testing net (#0)
I0120 16:23:43.329007 14016 solver.cpp:176] Test score #0: 0.886792
I0120 16:23:43.329021 14016 solver.cpp:176] Test score #1: 0.970149
I0120 16:23:43.329027 14016 solver.cpp:176] Test score #2: 0.9266
I0120 16:23:43.329032 14016 solver.cpp:176] Test score #3: 0.959184
I0120 16:23:43.329037 14016 solver.cpp:176] Test score #4: 0.921569
I0120 16:23:43.338605 14016 solver.cpp:271] Iteration 1820, lr = 1e-05
I0120 16:23:43.338711 14016 solver.cpp:111] Iteration 1820, loss = 0
I0120 16:23:43.347002 14016 solver.cpp:271] Iteration 1840, lr = 1e-05
I0120 16:23:43.347105 14016 solver.cpp:111] Iteration 1840, loss = 5.96046e-08
I0120 16:23:43.355281 14016 solver.cpp:271] Iteration 1860, lr = 1e-05
I0120 16:23:43.355386 14016 solver.cpp:111] Iteration 1860, loss = 0
I0120 16:23:43.363615 14016 solver.cpp:271] Iteration 1880, lr = 1e-05
I0120 16:23:43.363719 14016 solver.cpp:111] Iteration 1880, loss = 0
I0120 16:23:43.373301 14016 solver.cpp:271] Iteration 1900, lr = 1e-05
I0120 16:23:43.373404 14016 solver.cpp:111] Iteration 1900, loss = 0
I0120 16:23:43.381698 14016 solver.cpp:271] Iteration 1920, lr = 1e-05
I0120 16:23:43.381803 14016 solver.cpp:111] Iteration 1920, loss = 0
I0120 16:23:43.389937 14016 solver.cpp:271] Iteration 1940, lr = 1e-05
I0120 16:23:43.390041 14016 solver.cpp:111] Iteration 1940, loss = 0
I0120 16:23:43.399740 14016 solver.cpp:271] Iteration 1960, lr = 1e-05
I0120 16:23:43.399847 14016 solver.cpp:111] Iteration 1960, loss = 0
I0120 16:23:43.408115 14016 solver.cpp:271] Iteration 1980, lr = 1e-05
I0120 16:23:43.408237 14016 solver.cpp:111] Iteration 1980, loss = 0
I0120 16:23:43.416507 14016 solver.cpp:271] Iteration 2000, lr = 1e-06
I0120 16:23:43.416633 14016 solver.cpp:111] Iteration 2000, loss = 1.96695e-06
I0120 16:23:43.416646 14016 solver.cpp:138] Iteration 2000, Testing net (#0)
I0120 16:23:43.416939 14016 solver.cpp:176] Test score #0: 0.886792
I0120 16:23:43.416954 14016 solver.cpp:176] Test score #1: 0.970149
I0120 16:23:43.416959 14016 solver.cpp:176] Test score #2: 0.9266
I0120 16:23:43.416963 14016 solver.cpp:176] Test score #3: 0.959184
I0120 16:23:43.416968 14016 solver.cpp:176] Test score #4: 0.921569
I0120 16:23:43.419128 14016 solver.cpp:193] Snapshotting to multi_label_train_iter_2000
I0120 16:23:43.424142 14016 solver.cpp:200] Snapshotting solver state to multi_label_train_iter_2000.solverstate
I0120 16:23:43.436095 14016 solver.cpp:271] Iteration 2020, lr = 1e-06
I0120 16:23:43.436226 14016 solver.cpp:111] Iteration 2020, loss = 0
I0120 16:23:43.444490 14016 solver.cpp:271] Iteration 2040, lr = 1e-06
I0120 16:23:43.444596 14016 solver.cpp:111] Iteration 2040, loss = 0
I0120 16:23:43.452769 14016 solver.cpp:271] Iteration 2060, lr = 1e-06
I0120 16:23:43.452873 14016 solver.cpp:111] Iteration 2060, loss = 0
I0120 16:23:43.462566 14016 solver.cpp:271] Iteration 2080, lr = 1e-06
I0120 16:23:43.462673 14016 solver.cpp:111] Iteration 2080, loss = 2.98023e-08
I0120 16:23:43.470834 14016 solver.cpp:271] Iteration 2100, lr = 1e-06
I0120 16:23:43.470938 14016 solver.cpp:111] Iteration 2100, loss = 0
I0120 16:23:43.479032 14016 solver.cpp:271] Iteration 2120, lr = 1e-06
I0120 16:23:43.479136 14016 solver.cpp:111] Iteration 2120, loss = 0
I0120 16:23:43.488257 14016 solver.cpp:271] Iteration 2140, lr = 1e-06
I0120 16:23:43.488528 14016 solver.cpp:111] Iteration 2140, loss = 0
I0120 16:23:43.497115 14016 solver.cpp:271] Iteration 2160, lr = 1e-06
I0120 16:23:43.497220 14016 solver.cpp:111] Iteration 2160, loss = 0
I0120 16:23:43.505352 14016 solver.cpp:271] Iteration 2180, lr = 1e-06
I0120 16:23:43.505456 14016 solver.cpp:111] Iteration 2180, loss = 0
I0120 16:23:43.513592 14016 solver.cpp:271] Iteration 2200, lr = 1e-06
I0120 16:23:43.513697 14016 solver.cpp:111] Iteration 2200, loss = 0
I0120 16:23:43.513708 14016 solver.cpp:138] Iteration 2200, Testing net (#0)
I0120 16:23:43.514029 14016 solver.cpp:176] Test score #0: 0.886792
I0120 16:23:43.514042 14016 solver.cpp:176] Test score #1: 0.970149
I0120 16:23:43.514049 14016 solver.cpp:176] Test score #2: 0.9266
I0120 16:23:43.514055 14016 solver.cpp:176] Test score #3: 0.959184
I0120 16:23:43.514060 14016 solver.cpp:176] Test score #4: 0.921569
I0120 16:23:43.523582 14016 solver.cpp:271] Iteration 2220, lr = 1e-06
I0120 16:23:43.523689 14016 solver.cpp:111] Iteration 2220, loss = 0
I0120 16:23:43.532009 14016 solver.cpp:271] Iteration 2240, lr = 1e-06
I0120 16:23:43.532114 14016 solver.cpp:111] Iteration 2240, loss = 1.96695e-06
I0120 16:23:43.540278 14016 solver.cpp:271] Iteration 2260, lr = 1e-06
I0120 16:23:43.540382 14016 solver.cpp:111] Iteration 2260, loss = 0
I0120 16:23:43.549630 14016 solver.cpp:271] Iteration 2280, lr = 1e-06
I0120 16:23:43.549737 14016 solver.cpp:111] Iteration 2280, loss = 0
I0120 16:23:43.558334 14016 solver.cpp:271] Iteration 2300, lr = 1e-06
I0120 16:23:43.558517 14016 solver.cpp:111] Iteration 2300, loss = 0
I0120 16:23:43.566678 14016 solver.cpp:271] Iteration 2320, lr = 1e-06
I0120 16:23:43.566782 14016 solver.cpp:111] Iteration 2320, loss = 2.98023e-08
I0120 16:23:43.574944 14016 solver.cpp:271] Iteration 2340, lr = 1e-06
I0120 16:23:43.575049 14016 solver.cpp:111] Iteration 2340, loss = 0
I0120 16:23:43.584748 14016 solver.cpp:271] Iteration 2360, lr = 1e-06
I0120 16:23:43.584856 14016 solver.cpp:111] Iteration 2360, loss = 0
I0120 16:23:43.593109 14016 solver.cpp:271] Iteration 2380, lr = 1e-06
I0120 16:23:43.593235 14016 solver.cpp:111] Iteration 2380, loss = 0
I0120 16:23:43.601471 14016 solver.cpp:271] Iteration 2400, lr = 1e-06
I0120 16:23:43.601577 14016 solver.cpp:111] Iteration 2400, loss = 0
I0120 16:23:43.601588 14016 solver.cpp:138] Iteration 2400, Testing net (#0)
I0120 16:23:43.601902 14016 solver.cpp:176] Test score #0: 0.886792
I0120 16:23:43.601917 14016 solver.cpp:176] Test score #1: 0.970149
I0120 16:23:43.601922 14016 solver.cpp:176] Test score #2: 0.9266
I0120 16:23:43.601927 14016 solver.cpp:176] Test score #3: 0.959184
I0120 16:23:43.601933 14016 solver.cpp:176] Test score #4: 0.921569
I0120 16:23:43.611057 14016 solver.cpp:271] Iteration 2420, lr = 1e-06
I0120 16:23:43.611165 14016 solver.cpp:111] Iteration 2420, loss = 0
I0120 16:23:43.619768 14016 solver.cpp:271] Iteration 2440, lr = 1e-06
I0120 16:23:43.619874 14016 solver.cpp:111] Iteration 2440, loss = 0
I0120 16:23:43.628190 14016 solver.cpp:271] Iteration 2460, lr = 1e-06
I0120 16:23:43.628300 14016 solver.cpp:111] Iteration 2460, loss = 0
I0120 16:23:43.636492 14016 solver.cpp:271] Iteration 2480, lr = 1e-06
I0120 16:23:43.636596 14016 solver.cpp:111] Iteration 2480, loss = 1.96695e-06
I0120 16:23:43.646188 14016 solver.cpp:271] Iteration 2500, lr = 1e-06
I0120 16:23:43.646293 14016 solver.cpp:111] Iteration 2500, loss = 0
I0120 16:23:43.654467 14016 solver.cpp:271] Iteration 2520, lr = 1e-06
I0120 16:23:43.654572 14016 solver.cpp:111] Iteration 2520, loss = 0
I0120 16:23:43.662711 14016 solver.cpp:271] Iteration 2540, lr = 1e-06
I0120 16:23:43.662816 14016 solver.cpp:111] Iteration 2540, loss = 0
I0120 16:23:43.672060 14016 solver.cpp:271] Iteration 2560, lr = 1e-06
I0120 16:23:43.672168 14016 solver.cpp:111] Iteration 2560, loss = 2.98023e-08
I0120 16:23:43.680742 14016 solver.cpp:271] Iteration 2580, lr = 1e-06
I0120 16:23:43.680845 14016 solver.cpp:111] Iteration 2580, loss = 0
I0120 16:23:43.688972 14016 solver.cpp:271] Iteration 2600, lr = 1e-06
I0120 16:23:43.689076 14016 solver.cpp:111] Iteration 2600, loss = 0
I0120 16:23:43.689087 14016 solver.cpp:138] Iteration 2600, Testing net (#0)
I0120 16:23:43.689404 14016 solver.cpp:176] Test score #0: 0.886792
I0120 16:23:43.689416 14016 solver.cpp:176] Test score #1: 0.970149
I0120 16:23:43.689422 14016 solver.cpp:176] Test score #2: 0.9266
I0120 16:23:43.689427 14016 solver.cpp:176] Test score #3: 0.959184
I0120 16:23:43.689432 14016 solver.cpp:176] Test score #4: 0.921569
I0120 16:23:43.697497 14016 solver.cpp:271] Iteration 2620, lr = 1e-06
I0120 16:23:43.697603 14016 solver.cpp:111] Iteration 2620, loss = 0
I0120 16:23:43.707224 14016 solver.cpp:271] Iteration 2640, lr = 1e-06
I0120 16:23:43.707330 14016 solver.cpp:111] Iteration 2640, loss = 0
I0120 16:23:43.715591 14016 solver.cpp:271] Iteration 2660, lr = 1e-06
I0120 16:23:43.715697 14016 solver.cpp:111] Iteration 2660, loss = 0
I0120 16:23:43.723815 14016 solver.cpp:271] Iteration 2680, lr = 1e-06
I0120 16:23:43.723920 14016 solver.cpp:111] Iteration 2680, loss = 0
I0120 16:23:43.733263 14016 solver.cpp:271] Iteration 2700, lr = 1e-06
I0120 16:23:43.733368 14016 solver.cpp:111] Iteration 2700, loss = 0
I0120 16:23:43.741991 14016 solver.cpp:271] Iteration 2720, lr = 1e-06
I0120 16:23:43.742095 14016 solver.cpp:111] Iteration 2720, loss = 1.96695e-06
I0120 16:23:43.750275 14016 solver.cpp:271] Iteration 2740, lr = 1e-06
I0120 16:23:43.750380 14016 solver.cpp:111] Iteration 2740, loss = 0
I0120 16:23:43.758555 14016 solver.cpp:271] Iteration 2760, lr = 1e-06
I0120 16:23:43.758662 14016 solver.cpp:111] Iteration 2760, loss = 0
I0120 16:23:43.768353 14016 solver.cpp:271] Iteration 2780, lr = 1e-06
I0120 16:23:43.768458 14016 solver.cpp:111] Iteration 2780, loss = 0
I0120 16:23:43.776705 14016 solver.cpp:271] Iteration 2800, lr = 1e-06
I0120 16:23:43.776809 14016 solver.cpp:111] Iteration 2800, loss = 2.98023e-08
I0120 16:23:43.776821 14016 solver.cpp:138] Iteration 2800, Testing net (#0)
I0120 16:23:43.777181 14016 solver.cpp:176] Test score #0: 0.886792
I0120 16:23:43.777194 14016 solver.cpp:176] Test score #1: 0.970149
I0120 16:23:43.777200 14016 solver.cpp:176] Test score #2: 0.9266
I0120 16:23:43.777205 14016 solver.cpp:176] Test score #3: 0.959184
I0120 16:23:43.777209 14016 solver.cpp:176] Test score #4: 0.921569
I0120 16:23:43.785378 14016 solver.cpp:271] Iteration 2820, lr = 1e-06
I0120 16:23:43.785481 14016 solver.cpp:111] Iteration 2820, loss = 0
I0120 16:23:43.794759 14016 solver.cpp:271] Iteration 2840, lr = 1e-06
I0120 16:23:43.794865 14016 solver.cpp:111] Iteration 2840, loss = 0
I0120 16:23:43.803508 14016 solver.cpp:271] Iteration 2860, lr = 1e-06
I0120 16:23:43.803611 14016 solver.cpp:111] Iteration 2860, loss = 0
I0120 16:23:43.812021 14016 solver.cpp:271] Iteration 2880, lr = 1e-06
I0120 16:23:43.812124 14016 solver.cpp:111] Iteration 2880, loss = 0
I0120 16:23:43.820327 14016 solver.cpp:271] Iteration 2900, lr = 1e-06
I0120 16:23:43.820432 14016 solver.cpp:111] Iteration 2900, loss = 0
I0120 16:23:43.830031 14016 solver.cpp:271] Iteration 2920, lr = 1e-06
I0120 16:23:43.830137 14016 solver.cpp:111] Iteration 2920, loss = 0
I0120 16:23:43.838346 14016 solver.cpp:271] Iteration 2940, lr = 1e-06
I0120 16:23:43.838449 14016 solver.cpp:111] Iteration 2940, loss = 0
I0120 16:23:43.846637 14016 solver.cpp:271] Iteration 2960, lr = 1e-06
I0120 16:23:43.846740 14016 solver.cpp:111] Iteration 2960, loss = 1.96695e-06
I0120 16:23:43.856053 14016 solver.cpp:271] Iteration 2980, lr = 1e-06
I0120 16:23:43.856159 14016 solver.cpp:111] Iteration 2980, loss = 0
I0120 16:23:43.864775 14016 solver.cpp:271] Iteration 3000, lr = 1e-07
I0120 16:23:43.864881 14016 solver.cpp:111] Iteration 3000, loss = 0
I0120 16:23:43.864892 14016 solver.cpp:138] Iteration 3000, Testing net (#0)
I0120 16:23:43.865206 14016 solver.cpp:176] Test score #0: 0.886792
I0120 16:23:43.865219 14016 solver.cpp:176] Test score #1: 0.970149
I0120 16:23:43.865226 14016 solver.cpp:176] Test score #2: 0.9266
I0120 16:23:43.865231 14016 solver.cpp:176] Test score #3: 0.959184
I0120 16:23:43.865236 14016 solver.cpp:176] Test score #4: 0.921569
I0120 16:23:43.867383 14016 solver.cpp:193] Snapshotting to multi_label_train_iter_3000
I0120 16:23:43.872349 14016 solver.cpp:200] Snapshotting solver state to multi_label_train_iter_3000.solverstate
I0120 16:23:43.884492 14016 solver.cpp:271] Iteration 3020, lr = 1e-07
I0120 16:23:43.884608 14016 solver.cpp:111] Iteration 3020, loss = 0
I0120 16:23:43.893597 14016 solver.cpp:271] Iteration 3040, lr = 1e-07
I0120 16:23:43.893702 14016 solver.cpp:111] Iteration 3040, loss = 2.98023e-08
I0120 16:23:43.901922 14016 solver.cpp:271] Iteration 3060, lr = 1e-07
I0120 16:23:43.902026 14016 solver.cpp:111] Iteration 3060, loss = 0
I0120 16:23:43.910198 14016 solver.cpp:271] Iteration 3080, lr = 1e-07
I0120 16:23:43.910302 14016 solver.cpp:111] Iteration 3080, loss = 0
I0120 16:23:43.920130 14016 solver.cpp:271] Iteration 3100, lr = 1e-07
I0120 16:23:43.920325 14016 solver.cpp:111] Iteration 3100, loss = 0
I0120 16:23:43.928702 14016 solver.cpp:271] Iteration 3120, lr = 1e-07
I0120 16:23:43.928817 14016 solver.cpp:111] Iteration 3120, loss = 0
I0120 16:23:43.937525 14016 solver.cpp:271] Iteration 3140, lr = 1e-07
I0120 16:23:43.937633 14016 solver.cpp:111] Iteration 3140, loss = 0
I0120 16:23:43.946995 14016 solver.cpp:271] Iteration 3160, lr = 1e-07
I0120 16:23:43.947104 14016 solver.cpp:111] Iteration 3160, loss = 0
I0120 16:23:43.955787 14016 solver.cpp:271] Iteration 3180, lr = 1e-07
I0120 16:23:43.955898 14016 solver.cpp:111] Iteration 3180, loss = 0
I0120 16:23:43.964165 14016 solver.cpp:271] Iteration 3200, lr = 1e-07
I0120 16:23:43.964298 14016 solver.cpp:111] Iteration 3200, loss = 1.96695e-06
I0120 16:23:43.964313 14016 solver.cpp:138] Iteration 3200, Testing net (#0)
I0120 16:23:43.964609 14016 solver.cpp:176] Test score #0: 0.886792
I0120 16:23:43.964622 14016 solver.cpp:176] Test score #1: 0.970149
I0120 16:23:43.964628 14016 solver.cpp:176] Test score #2: 0.9266
I0120 16:23:43.964634 14016 solver.cpp:176] Test score #3: 0.959184
I0120 16:23:43.964640 14016 solver.cpp:176] Test score #4: 0.921569
I0120 16:23:43.972721 14016 solver.cpp:271] Iteration 3220, lr = 1e-07
I0120 16:23:43.972827 14016 solver.cpp:111] Iteration 3220, loss = 0
I0120 16:23:43.982426 14016 solver.cpp:271] Iteration 3240, lr = 1e-07
I0120 16:23:43.982537 14016 solver.cpp:111] Iteration 3240, loss = 0
I0120 16:23:43.990847 14016 solver.cpp:271] Iteration 3260, lr = 1e-07
I0120 16:23:43.990952 14016 solver.cpp:111] Iteration 3260, loss = 0
I0120 16:23:43.999183 14016 solver.cpp:271] Iteration 3280, lr = 1e-07
I0120 16:23:43.999289 14016 solver.cpp:111] Iteration 3280, loss = 2.98023e-08
I0120 16:23:44.008409 14016 solver.cpp:271] Iteration 3300, lr = 1e-07
I0120 16:23:44.008517 14016 solver.cpp:111] Iteration 3300, loss = 0
I0120 16:23:44.017308 14016 solver.cpp:271] Iteration 3320, lr = 1e-07
I0120 16:23:44.017416 14016 solver.cpp:111] Iteration 3320, loss = 0
I0120 16:23:44.025665 14016 solver.cpp:271] Iteration 3340, lr = 1e-07
I0120 16:23:44.025769 14016 solver.cpp:111] Iteration 3340, loss = 0
I0120 16:23:44.034014 14016 solver.cpp:271] Iteration 3360, lr = 1e-07
I0120 16:23:44.034119 14016 solver.cpp:111] Iteration 3360, loss = 0
I0120 16:23:44.043778 14016 solver.cpp:271] Iteration 3380, lr = 1e-07
I0120 16:23:44.043886 14016 solver.cpp:111] Iteration 3380, loss = 0
I0120 16:23:44.052053 14016 solver.cpp:271] Iteration 3400, lr = 1e-07
I0120 16:23:44.052160 14016 solver.cpp:111] Iteration 3400, loss = 0
I0120 16:23:44.052170 14016 solver.cpp:138] Iteration 3400, Testing net (#0)
I0120 16:23:44.052489 14016 solver.cpp:176] Test score #0: 0.886792
I0120 16:23:44.052502 14016 solver.cpp:176] Test score #1: 0.970149
I0120 16:23:44.052508 14016 solver.cpp:176] Test score #2: 0.9266
I0120 16:23:44.052513 14016 solver.cpp:176] Test score #3: 0.959184
I0120 16:23:44.052518 14016 solver.cpp:176] Test score #4: 0.921569
I0120 16:23:44.060592 14016 solver.cpp:271] Iteration 3420, lr = 1e-07
I0120 16:23:44.060719 14016 solver.cpp:111] Iteration 3420, loss = 0
I0120 16:23:44.069959 14016 solver.cpp:271] Iteration 3440, lr = 1e-07
I0120 16:23:44.070065 14016 solver.cpp:111] Iteration 3440, loss = 1.96695e-06
I0120 16:23:44.078810 14016 solver.cpp:271] Iteration 3460, lr = 1e-07
I0120 16:23:44.078918 14016 solver.cpp:111] Iteration 3460, loss = 0
I0120 16:23:44.087064 14016 solver.cpp:271] Iteration 3480, lr = 1e-07
I0120 16:23:44.087167 14016 solver.cpp:111] Iteration 3480, loss = 0
I0120 16:23:44.095345 14016 solver.cpp:271] Iteration 3500, lr = 1e-07
I0120 16:23:44.095448 14016 solver.cpp:111] Iteration 3500, loss = 0
I0120 16:23:44.105130 14016 solver.cpp:271] Iteration 3520, lr = 1e-07
I0120 16:23:44.105237 14016 solver.cpp:111] Iteration 3520, loss = 2.98023e-08
I0120 16:23:44.113497 14016 solver.cpp:271] Iteration 3540, lr = 1e-07
I0120 16:23:44.113601 14016 solver.cpp:111] Iteration 3540, loss = 0
I0120 16:23:44.121795 14016 solver.cpp:271] Iteration 3560, lr = 1e-07
I0120 16:23:44.121899 14016 solver.cpp:111] Iteration 3560, loss = 0
I0120 16:23:44.131028 14016 solver.cpp:271] Iteration 3580, lr = 1e-07
I0120 16:23:44.131134 14016 solver.cpp:111] Iteration 3580, loss = 0
I0120 16:23:44.139786 14016 solver.cpp:271] Iteration 3600, lr = 1e-07
I0120 16:23:44.139890 14016 solver.cpp:111] Iteration 3600, loss = 0
I0120 16:23:44.139901 14016 solver.cpp:138] Iteration 3600, Testing net (#0)
I0120 16:23:44.140231 14016 solver.cpp:176] Test score #0: 0.886792
I0120 16:23:44.140244 14016 solver.cpp:176] Test score #1: 0.970149
I0120 16:23:44.140250 14016 solver.cpp:176] Test score #2: 0.9266
I0120 16:23:44.140255 14016 solver.cpp:176] Test score #3: 0.959184
I0120 16:23:44.140260 14016 solver.cpp:176] Test score #4: 0.921569
I0120 16:23:44.148458 14016 solver.cpp:271] Iteration 3620, lr = 1e-07
I0120 16:23:44.148561 14016 solver.cpp:111] Iteration 3620, loss = 0
I0120 16:23:44.156685 14016 solver.cpp:271] Iteration 3640, lr = 1e-07
I0120 16:23:44.156790 14016 solver.cpp:111] Iteration 3640, loss = 0
I0120 16:23:44.166323 14016 solver.cpp:271] Iteration 3660, lr = 1e-07
I0120 16:23:44.166429 14016 solver.cpp:111] Iteration 3660, loss = 0
I0120 16:23:44.174767 14016 solver.cpp:271] Iteration 3680, lr = 1e-07
I0120 16:23:44.174871 14016 solver.cpp:111] Iteration 3680, loss = 1.96695e-06
I0120 16:23:44.183131 14016 solver.cpp:271] Iteration 3700, lr = 1e-07
I0120 16:23:44.183235 14016 solver.cpp:111] Iteration 3700, loss = 0
I0120 16:23:44.192376 14016 solver.cpp:271] Iteration 3720, lr = 1e-07
I0120 16:23:44.192481 14016 solver.cpp:111] Iteration 3720, loss = 0
I0120 16:23:44.201261 14016 solver.cpp:271] Iteration 3740, lr = 1e-07
I0120 16:23:44.201365 14016 solver.cpp:111] Iteration 3740, loss = 0
I0120 16:23:44.209692 14016 solver.cpp:271] Iteration 3760, lr = 1e-07
I0120 16:23:44.209856 14016 solver.cpp:111] Iteration 3760, loss = 2.98023e-08
I0120 16:23:44.218083 14016 solver.cpp:271] Iteration 3780, lr = 1e-07
I0120 16:23:44.218189 14016 solver.cpp:111] Iteration 3780, loss = 0
I0120 16:23:44.227756 14016 solver.cpp:271] Iteration 3800, lr = 1e-07
I0120 16:23:44.227861 14016 solver.cpp:111] Iteration 3800, loss = 0
I0120 16:23:44.227872 14016 solver.cpp:138] Iteration 3800, Testing net (#0)
I0120 16:23:44.228193 14016 solver.cpp:176] Test score #0: 0.886792
I0120 16:23:44.228206 14016 solver.cpp:176] Test score #1: 0.970149
I0120 16:23:44.228212 14016 solver.cpp:176] Test score #2: 0.9266
I0120 16:23:44.228217 14016 solver.cpp:176] Test score #3: 0.959184
I0120 16:23:44.228222 14016 solver.cpp:176] Test score #4: 0.921569
I0120 16:23:44.236402 14016 solver.cpp:271] Iteration 3820, lr = 1e-07
I0120 16:23:44.236506 14016 solver.cpp:111] Iteration 3820, loss = 0
I0120 16:23:44.244683 14016 solver.cpp:271] Iteration 3840, lr = 1e-07
I0120 16:23:44.244787 14016 solver.cpp:111] Iteration 3840, loss = 0
I0120 16:23:44.253967 14016 solver.cpp:271] Iteration 3860, lr = 1e-07
I0120 16:23:44.254071 14016 solver.cpp:111] Iteration 3860, loss = 0
I0120 16:23:44.262758 14016 solver.cpp:271] Iteration 3880, lr = 1e-07
I0120 16:23:44.262866 14016 solver.cpp:111] Iteration 3880, loss = 0
I0120 16:23:44.271028 14016 solver.cpp:271] Iteration 3900, lr = 1e-07
I0120 16:23:44.271132 14016 solver.cpp:111] Iteration 3900, loss = 0
I0120 16:23:44.279330 14016 solver.cpp:271] Iteration 3920, lr = 1e-07
I0120 16:23:44.279434 14016 solver.cpp:111] Iteration 3920, loss = 1.96695e-06
I0120 16:23:44.289125 14016 solver.cpp:271] Iteration 3940, lr = 1e-07
I0120 16:23:44.289232 14016 solver.cpp:111] Iteration 3940, loss = 0
I0120 16:23:44.297451 14016 solver.cpp:271] Iteration 3960, lr = 1e-07
I0120 16:23:44.297555 14016 solver.cpp:111] Iteration 3960, loss = 0
I0120 16:23:44.305687 14016 solver.cpp:271] Iteration 3980, lr = 1e-07
I0120 16:23:44.305791 14016 solver.cpp:111] Iteration 3980, loss = 0
I0120 16:23:44.315234 14016 solver.cpp:271] Iteration 4000, lr = 1e-08
I0120 16:23:44.315343 14016 solver.cpp:111] Iteration 4000, loss = 2.98023e-08
I0120 16:23:44.315356 14016 solver.cpp:138] Iteration 4000, Testing net (#0)
I0120 16:23:44.315966 14016 solver.cpp:176] Test score #0: 0.886792
I0120 16:23:44.315979 14016 solver.cpp:176] Test score #1: 0.970149
I0120 16:23:44.315985 14016 solver.cpp:176] Test score #2: 0.9266
I0120 16:23:44.315990 14016 solver.cpp:176] Test score #3: 0.959184
I0120 16:23:44.315995 14016 solver.cpp:176] Test score #4: 0.921569
I0120 16:23:44.318197 14016 solver.cpp:193] Snapshotting to multi_label_train_iter_4000
I0120 16:23:44.323143 14016 solver.cpp:200] Snapshotting solver state to multi_label_train_iter_4000.solverstate
I0120 16:23:44.335002 14016 solver.cpp:271] Iteration 4020, lr = 1e-08
I0120 16:23:44.335115 14016 solver.cpp:111] Iteration 4020, loss = 0
I0120 16:23:44.344166 14016 solver.cpp:271] Iteration 4040, lr = 1e-08
I0120 16:23:44.344282 14016 solver.cpp:111] Iteration 4040, loss = 0
I0120 16:23:44.353188 14016 solver.cpp:271] Iteration 4060, lr = 1e-08
I0120 16:23:44.353294 14016 solver.cpp:111] Iteration 4060, loss = 0
I0120 16:23:44.361639 14016 solver.cpp:271] Iteration 4080, lr = 1e-08
I0120 16:23:44.361765 14016 solver.cpp:111] Iteration 4080, loss = 0
I0120 16:23:44.369896 14016 solver.cpp:271] Iteration 4100, lr = 1e-08
I0120 16:23:44.370002 14016 solver.cpp:111] Iteration 4100, loss = 0
I0120 16:23:44.379703 14016 solver.cpp:271] Iteration 4120, lr = 1e-08
I0120 16:23:44.379809 14016 solver.cpp:111] Iteration 4120, loss = 0
I0120 16:23:44.388078 14016 solver.cpp:271] Iteration 4140, lr = 1e-08
I0120 16:23:44.388197 14016 solver.cpp:111] Iteration 4140, loss = 0
I0120 16:23:44.396487 14016 solver.cpp:271] Iteration 4160, lr = 1e-08
I0120 16:23:44.396592 14016 solver.cpp:111] Iteration 4160, loss = 1.96695e-06
I0120 16:23:44.405591 14016 solver.cpp:271] Iteration 4180, lr = 1e-08
I0120 16:23:44.405695 14016 solver.cpp:111] Iteration 4180, loss = 0
I0120 16:23:44.414470 14016 solver.cpp:271] Iteration 4200, lr = 1e-08
I0120 16:23:44.414575 14016 solver.cpp:111] Iteration 4200, loss = 0
I0120 16:23:44.414587 14016 solver.cpp:138] Iteration 4200, Testing net (#0)
I0120 16:23:44.414903 14016 solver.cpp:176] Test score #0: 0.886792
I0120 16:23:44.414916 14016 solver.cpp:176] Test score #1: 0.970149
I0120 16:23:44.414922 14016 solver.cpp:176] Test score #2: 0.9266
I0120 16:23:44.414927 14016 solver.cpp:176] Test score #3: 0.959184
I0120 16:23:44.414932 14016 solver.cpp:176] Test score #4: 0.921569
I0120 16:23:44.422993 14016 solver.cpp:271] Iteration 4220, lr = 1e-08
I0120 16:23:44.423099 14016 solver.cpp:111] Iteration 4220, loss = 0
I0120 16:23:44.431291 14016 solver.cpp:271] Iteration 4240, lr = 1e-08
I0120 16:23:44.431396 14016 solver.cpp:111] Iteration 4240, loss = 2.98023e-08
I0120 16:23:44.441042 14016 solver.cpp:271] Iteration 4260, lr = 1e-08
I0120 16:23:44.441148 14016 solver.cpp:111] Iteration 4260, loss = 0
I0120 16:23:44.449484 14016 solver.cpp:271] Iteration 4280, lr = 1e-08
I0120 16:23:44.449589 14016 solver.cpp:111] Iteration 4280, loss = 0
I0120 16:23:44.457783 14016 solver.cpp:271] Iteration 4300, lr = 1e-08
I0120 16:23:44.457887 14016 solver.cpp:111] Iteration 4300, loss = 0
I0120 16:23:44.466982 14016 solver.cpp:271] Iteration 4320, lr = 1e-08
I0120 16:23:44.467087 14016 solver.cpp:111] Iteration 4320, loss = 0
I0120 16:23:44.475863 14016 solver.cpp:271] Iteration 4340, lr = 1e-08
I0120 16:23:44.475970 14016 solver.cpp:111] Iteration 4340, loss = 0
I0120 16:23:44.484150 14016 solver.cpp:271] Iteration 4360, lr = 1e-08
I0120 16:23:44.484275 14016 solver.cpp:111] Iteration 4360, loss = 0
I0120 16:23:44.492362 14016 solver.cpp:271] Iteration 4380, lr = 1e-08
I0120 16:23:44.492465 14016 solver.cpp:111] Iteration 4380, loss = 0
I0120 16:23:44.502002 14016 solver.cpp:271] Iteration 4400, lr = 1e-08
I0120 16:23:44.502110 14016 solver.cpp:111] Iteration 4400, loss = 1.96695e-06
I0120 16:23:44.502121 14016 solver.cpp:138] Iteration 4400, Testing net (#0)
I0120 16:23:44.502439 14016 solver.cpp:176] Test score #0: 0.886792
I0120 16:23:44.502452 14016 solver.cpp:176] Test score #1: 0.970149
I0120 16:23:44.502459 14016 solver.cpp:176] Test score #2: 0.9266
I0120 16:23:44.502463 14016 solver.cpp:176] Test score #3: 0.959184
I0120 16:23:44.502468 14016 solver.cpp:176] Test score #4: 0.921569
I0120 16:23:44.510797 14016 solver.cpp:271] Iteration 4420, lr = 1e-08
I0120 16:23:44.510901 14016 solver.cpp:111] Iteration 4420, loss = 0
I0120 16:23:44.519100 14016 solver.cpp:271] Iteration 4440, lr = 1e-08
I0120 16:23:44.519206 14016 solver.cpp:111] Iteration 4440, loss = 0
I0120 16:23:44.528072 14016 solver.cpp:271] Iteration 4460, lr = 1e-08
I0120 16:23:44.528187 14016 solver.cpp:111] Iteration 4460, loss = 0
I0120 16:23:44.537410 14016 solver.cpp:271] Iteration 4480, lr = 1e-08
I0120 16:23:44.537516 14016 solver.cpp:111] Iteration 4480, loss = 2.98023e-08
I0120 16:23:44.545933 14016 solver.cpp:271] Iteration 4500, lr = 1e-08
I0120 16:23:44.546037 14016 solver.cpp:111] Iteration 4500, loss = 0
I0120 16:23:44.554210 14016 solver.cpp:271] Iteration 4520, lr = 1e-08
I0120 16:23:44.554314 14016 solver.cpp:111] Iteration 4520, loss = 0
I0120 16:23:44.564035 14016 solver.cpp:271] Iteration 4540, lr = 1e-08
I0120 16:23:44.564142 14016 solver.cpp:111] Iteration 4540, loss = 0
I0120 16:23:44.572482 14016 solver.cpp:271] Iteration 4560, lr = 1e-08
I0120 16:23:44.572587 14016 solver.cpp:111] Iteration 4560, loss = 0
I0120 16:23:44.580909 14016 solver.cpp:271] Iteration 4580, lr = 1e-08
I0120 16:23:44.581012 14016 solver.cpp:111] Iteration 4580, loss = 0
I0120 16:23:44.590189 14016 solver.cpp:271] Iteration 4600, lr = 1e-08
I0120 16:23:44.590294 14016 solver.cpp:111] Iteration 4600, loss = 0
I0120 16:23:44.590306 14016 solver.cpp:138] Iteration 4600, Testing net (#0)
I0120 16:23:44.590627 14016 solver.cpp:176] Test score #0: 0.886792
I0120 16:23:44.590641 14016 solver.cpp:176] Test score #1: 0.970149
I0120 16:23:44.590646 14016 solver.cpp:176] Test score #2: 0.9266
I0120 16:23:44.590651 14016 solver.cpp:176] Test score #3: 0.959184
I0120 16:23:44.590656 14016 solver.cpp:176] Test score #4: 0.921569
I0120 16:23:44.599089 14016 solver.cpp:271] Iteration 4620, lr = 1e-08
I0120 16:23:44.599195 14016 solver.cpp:111] Iteration 4620, loss = 0
I0120 16:23:44.607321 14016 solver.cpp:271] Iteration 4640, lr = 1e-08
I0120 16:23:44.607425 14016 solver.cpp:111] Iteration 4640, loss = 1.96695e-06
I0120 16:23:44.615613 14016 solver.cpp:271] Iteration 4660, lr = 1e-08
I0120 16:23:44.615718 14016 solver.cpp:111] Iteration 4660, loss = 0
I0120 16:23:44.625268 14016 solver.cpp:271] Iteration 4680, lr = 1e-08
I0120 16:23:44.625375 14016 solver.cpp:111] Iteration 4680, loss = 0
I0120 16:23:44.633669 14016 solver.cpp:271] Iteration 4700, lr = 1e-08
I0120 16:23:44.633774 14016 solver.cpp:111] Iteration 4700, loss = 0
I0120 16:23:44.641926 14016 solver.cpp:271] Iteration 4720, lr = 1e-08
I0120 16:23:44.642030 14016 solver.cpp:111] Iteration 4720, loss = 2.98023e-08
I0120 16:23:44.651152 14016 solver.cpp:271] Iteration 4740, lr = 1e-08
I0120 16:23:44.651279 14016 solver.cpp:111] Iteration 4740, loss = 0
I0120 16:23:44.659994 14016 solver.cpp:271] Iteration 4760, lr = 1e-08
I0120 16:23:44.660099 14016 solver.cpp:111] Iteration 4760, loss = 0
I0120 16:23:44.668262 14016 solver.cpp:271] Iteration 4780, lr = 1e-08
I0120 16:23:44.668366 14016 solver.cpp:111] Iteration 4780, loss = 0
I0120 16:23:44.676482 14016 solver.cpp:271] Iteration 4800, lr = 1e-08
I0120 16:23:44.676586 14016 solver.cpp:111] Iteration 4800, loss = 0
I0120 16:23:44.676599 14016 solver.cpp:138] Iteration 4800, Testing net (#0)
I0120 16:23:44.676913 14016 solver.cpp:176] Test score #0: 0.886792
I0120 16:23:44.676926 14016 solver.cpp:176] Test score #1: 0.970149
I0120 16:23:44.676933 14016 solver.cpp:176] Test score #2: 0.9266
I0120 16:23:44.676937 14016 solver.cpp:176] Test score #3: 0.959184
I0120 16:23:44.676942 14016 solver.cpp:176] Test score #4: 0.921569
I0120 16:23:44.686445 14016 solver.cpp:271] Iteration 4820, lr = 1e-08
I0120 16:23:44.686553 14016 solver.cpp:111] Iteration 4820, loss = 0
I0120 16:23:44.694816 14016 solver.cpp:271] Iteration 4840, lr = 1e-08
I0120 16:23:44.694921 14016 solver.cpp:111] Iteration 4840, loss = 0
I0120 16:23:44.703145 14016 solver.cpp:271] Iteration 4860, lr = 1e-08
I0120 16:23:44.703250 14016 solver.cpp:111] Iteration 4860, loss = 0
I0120 16:23:44.712457 14016 solver.cpp:271] Iteration 4880, lr = 1e-08
I0120 16:23:44.712609 14016 solver.cpp:111] Iteration 4880, loss = 1.96695e-06
I0120 16:23:44.721194 14016 solver.cpp:271] Iteration 4900, lr = 1e-08
I0120 16:23:44.721298 14016 solver.cpp:111] Iteration 4900, loss = 0
I0120 16:23:44.729670 14016 solver.cpp:271] Iteration 4920, lr = 1e-08
I0120 16:23:44.729775 14016 solver.cpp:111] Iteration 4920, loss = 0
I0120 16:23:44.737916 14016 solver.cpp:271] Iteration 4940, lr = 1e-08
I0120 16:23:44.738023 14016 solver.cpp:111] Iteration 4940, loss = 0
I0120 16:23:44.747699 14016 solver.cpp:271] Iteration 4960, lr = 1e-08
I0120 16:23:44.747807 14016 solver.cpp:111] Iteration 4960, loss = 2.98023e-08
I0120 16:23:44.756036 14016 solver.cpp:271] Iteration 4980, lr = 1e-08
I0120 16:23:44.756141 14016 solver.cpp:111] Iteration 4980, loss = 0
I0120 16:23:44.764411 14016 solver.cpp:271] Iteration 5000, lr = 1e-09
I0120 16:23:44.764515 14016 solver.cpp:111] Iteration 5000, loss = 0
I0120 16:23:44.764528 14016 solver.cpp:138] Iteration 5000, Testing net (#0)
I0120 16:23:44.764842 14016 solver.cpp:176] Test score #0: 0.886792
I0120 16:23:44.764854 14016 solver.cpp:176] Test score #1: 0.970149
I0120 16:23:44.764860 14016 solver.cpp:176] Test score #2: 0.9266
I0120 16:23:44.764865 14016 solver.cpp:176] Test score #3: 0.959184
I0120 16:23:44.764870 14016 solver.cpp:176] Test score #4: 0.921569
I0120 16:23:44.767058 14016 solver.cpp:193] Snapshotting to multi_label_train_iter_5000
I0120 16:23:44.772075 14016 solver.cpp:200] Snapshotting solver state to multi_label_train_iter_5000.solverstate
I0120 16:23:44.777019 14016 solver.cpp:193] Snapshotting to multi_label_train_iter_5000
I0120 16:23:44.781163 14016 solver.cpp:200] Snapshotting solver state to multi_label_train_iter_5000.solverstate
I0120 16:23:44.784467 14016 solver.cpp:124] Optimization Done.
I0120 16:23:44.784479 14016 train_net.cpp:34] Optimization Done.
